{"uid":"7791a5cd0207cb3","name":"test_send_message","fullName":"tests.test_example.ExampleTestCase#test_send_message","historyId":"3bc4f3765c9b31fcf733254dd25c049d","time":{"start":1757399543045,"stop":1757399556444,"duration":13399},"status":"broken","statusMessage":"selenium.common.exceptions.TimeoutException: Message: \nStacktrace:\nRemoteError@chrome://remote/content/shared/RemoteError.sys.mjs:8:8\nWebDriverError@chrome://remote/content/shared/webdriver/Errors.sys.mjs:199:5\nNoSuchElementError@chrome://remote/content/shared/webdriver/Errors.sys.mjs:552:5\ndom.find/</<@chrome://remote/content/shared/DOM.sys.mjs:136:16","statusTrace":"self = <test_example.ExampleTestCase testMethod=test_send_message>\n\n    def test_send_message(self):\n        self.home.open(OLLAMA_URL)\n>       self.home.select_gemma3()\n\ntests/test_example.py:30: \n_ _ _ _ _ _ _ _ _ _ _ _ _ _ _ _ _ _ _ _ _ _ _ _ _ _ _ _ _ _ _ _ _ _ _ _ _ _ _ _ \npages/home_page.py:25: in select_gemma3\n    self.click(self.GEMMA3)\npages/base_page.py:10: in click\n    self.wait.until(EC.element_to_be_clickable(locator)).click()\n    ^^^^^^^^^^^^^^^^^^^^^^^^^^^^^^^^^^^^^^^^^^^^^^^^^^^^\n_ _ _ _ _ _ _ _ _ _ _ _ _ _ _ _ _ _ _ _ _ _ _ _ _ _ _ _ _ _ _ _ _ _ _ _ _ _ _ _ \n\nself = <selenium.webdriver.support.wait.WebDriverWait (session=\"f2ac1e37-6dfe-4d10-a7d9-43e4aaf7b023\")>\nmethod = <function element_to_be_clickable.<locals>._predicate at 0x7feec9610ae0>\nmessage = ''\n\n    def until(self, method: Callable[[D], Union[Literal[False], T]], message: str = \"\") -> T:\n        \"\"\"Wait until the method returns a value that is not False.\n    \n        Calls the method provided with the driver as an argument until the\n        return value does not evaluate to ``False``.\n    \n        Parameters:\n        -----------\n        method: callable(WebDriver)\n            - A callable object that takes a WebDriver instance as an argument.\n    \n        message: str\n            - Optional message for :exc:`TimeoutException`\n    \n        Return:\n        -------\n        object: T\n            - The result of the last call to `method`\n    \n        Raises:\n        -------\n        TimeoutException\n            - If 'method' does not return a truthy value within the WebDriverWait\n            object's timeout\n    \n        Example:\n        --------\n        >>> from selenium.webdriver.common.by import By\n        >>> from selenium.webdriver.support.ui import WebDriverWait\n        >>> from selenium.webdriver.support import expected_conditions as EC\n    \n        # Wait until an element is visible on the page\n        >>> wait = WebDriverWait(driver, 10)\n        >>> element = wait.until(EC.visibility_of_element_located((By.ID, \"exampleId\")))\n        >>> print(element.text)\n        \"\"\"\n        screen = None\n        stacktrace = None\n    \n        end_time = time.monotonic() + self._timeout\n        while True:\n            try:\n                value = method(self._driver)\n                if value:\n                    return value\n            except self._ignored_exceptions as exc:\n                screen = getattr(exc, \"screen\", None)\n                stacktrace = getattr(exc, \"stacktrace\", None)\n            if time.monotonic() > end_time:\n                break\n            time.sleep(self._poll)\n>       raise TimeoutException(message, screen, stacktrace)\nE       selenium.common.exceptions.TimeoutException: Message: \nE       Stacktrace:\nE       RemoteError@chrome://remote/content/shared/RemoteError.sys.mjs:8:8\nE       WebDriverError@chrome://remote/content/shared/webdriver/Errors.sys.mjs:199:5\nE       NoSuchElementError@chrome://remote/content/shared/webdriver/Errors.sys.mjs:552:5\nE       dom.find/</<@chrome://remote/content/shared/DOM.sys.mjs:136:16\n\n/opt/hostedtoolcache/Python/3.11.13/x64/lib/python3.11/site-packages/selenium/webdriver/support/wait.py:138: TimeoutException","flaky":false,"newFailed":false,"newBroken":false,"newPassed":false,"retriesCount":5,"retriesStatusChange":false,"beforeStages":[{"name":"_unittest_setUpClass_fixture_ExampleTestCase","time":{"start":1757399526229,"stop":1757399526229,"duration":0},"status":"passed","steps":[],"attachments":[],"parameters":[],"stepsCount":0,"shouldDisplayMessage":false,"attachmentsCount":0,"hasContent":false,"attachmentStep":false}],"afterStages":[{"name":"_unittest_setUpClass_fixture_ExampleTestCase::0","time":{"start":1757399556449,"stop":1757399556450,"duration":1},"status":"passed","steps":[],"attachments":[],"parameters":[],"stepsCount":0,"shouldDisplayMessage":false,"attachmentsCount":0,"hasContent":false,"attachmentStep":false}],"labels":[{"name":"parentSuite","value":"tests"},{"name":"suite","value":"test_example"},{"name":"subSuite","value":"ExampleTestCase"},{"name":"host","value":"runnervmf4ws1"},{"name":"thread","value":"2627-MainThread"},{"name":"framework","value":"pytest"},{"name":"language","value":"cpython3"},{"name":"package","value":"tests.test_example"},{"name":"resultFormat","value":"allure2"}],"parameters":[],"links":[],"hidden":false,"retry":false,"extra":{"severity":"normal","retries":[{"uid":"b84457963b6e1ec4","status":"broken","statusDetails":"selenium.common.exceptions.TimeoutException: Message: \nStacktrace:\nRemoteError@chrome://remote/content/shared/RemoteError.sys.mjs:8:8\nWebDriverError@chrome://remote/content/shared/webdriver/Errors.sys.mjs:199:5\nNoSuchElementError@chrome://remote/content/shared/webdriver/Errors.sys.mjs:552:5\ndom.find/</<@chrome://remote/content/shared/DOM.sys.mjs:136:16","time":{"start":1757399540969,"stop":1757399554403,"duration":13434}},{"uid":"af8b9bd95f0525e9","status":"broken","statusDetails":"selenium.common.exceptions.TimeoutException: Message: \nStacktrace:\n#0 0x55ab5d48a08a <unknown>\n#1 0x55ab5cf29a70 <unknown>\n#2 0x55ab5cf7b907 <unknown>\n#3 0x55ab5cf7bb01 <unknown>\n#4 0x55ab5cfc9d54 <unknown>\n#5 0x55ab5cfa140d <unknown>\n#6 0x55ab5cfc714f <unknown>\n#7 0x55ab5cfa11b3 <unknown>\n#8 0x55ab5cf6d59b <unknown>\n#9 0x55ab5cf6e971 <unknown>\n#10 0x55ab5d44f25b <unknown>\n#11 0x55ab5d452fa9 <unknown>\n#12 0x55ab5d436339 <unknown>\n#13 0x55ab5d453b58 <unknown>\n#14 0x55ab5d41ac1f <unknown>\n#15 0x55ab5d477118 <unknown>\n#16 0x55ab5d4772f6 <unknown>\n#17 0x55ab5d489066 <unknown>\n#18 0x7fb3c5e9caa4 <unknown>\n#19 0x7fb3c5f29c3c <unknown>","time":{"start":1757399540492,"stop":1757399552179,"duration":11687}},{"uid":"e41e03f8eed8cde9","status":"broken","statusDetails":"selenium.common.exceptions.TimeoutException: Message: \nStacktrace:\n#0 0x556468b7808a <unknown>\n#1 0x556468617a70 <unknown>\n#2 0x556468669907 <unknown>\n#3 0x556468669b01 <unknown>\n#4 0x5564686b7d54 <unknown>\n#5 0x55646868f40d <unknown>\n#6 0x5564686b514f <unknown>\n#7 0x55646868f1b3 <unknown>\n#8 0x55646865b59b <unknown>\n#9 0x55646865c971 <unknown>\n#10 0x556468b3d25b <unknown>\n#11 0x556468b40fa9 <unknown>\n#12 0x556468b24339 <unknown>\n#13 0x556468b41b58 <unknown>\n#14 0x556468b08c1f <unknown>\n#15 0x556468b65118 <unknown>\n#16 0x556468b652f6 <unknown>\n#17 0x556468b77066 <unknown>\n#18 0x7f4db2a9caa4 <unknown>\n#19 0x7f4db2b29c3c <unknown>","time":{"start":1757399538658,"stop":1757399550525,"duration":11867}},{"uid":"475c89d50506e87d","status":"broken","statusDetails":"selenium.common.exceptions.TimeoutException: Message: \nStacktrace:\nRemoteError@chrome://remote/content/shared/RemoteError.sys.mjs:8:8\nWebDriverError@chrome://remote/content/shared/webdriver/Errors.sys.mjs:199:5\nNoSuchElementError@chrome://remote/content/shared/webdriver/Errors.sys.mjs:552:5\ndom.find/</<@chrome://remote/content/shared/DOM.sys.mjs:136:16","time":{"start":1757399537510,"stop":1757399551784,"duration":14274}},{"uid":"888cbb91e719c4a7","status":"broken","statusDetails":"selenium.common.exceptions.TimeoutException: Message: \nStacktrace:\n#0 0x55a44125608a <unknown>\n#1 0x55a440cf5a70 <unknown>\n#2 0x55a440d47907 <unknown>\n#3 0x55a440d47b01 <unknown>\n#4 0x55a440d95d54 <unknown>\n#5 0x55a440d6d40d <unknown>\n#6 0x55a440d9314f <unknown>\n#7 0x55a440d6d1b3 <unknown>\n#8 0x55a440d3959b <unknown>\n#9 0x55a440d3a971 <unknown>\n#10 0x55a44121b25b <unknown>\n#11 0x55a44121efa9 <unknown>\n#12 0x55a441202339 <unknown>\n#13 0x55a44121fb58 <unknown>\n#14 0x55a4411e6c1f <unknown>\n#15 0x55a441243118 <unknown>\n#16 0x55a4412432f6 <unknown>\n#17 0x55a441255066 <unknown>\n#18 0x7f6e3109caa4 <unknown>\n#19 0x7f6e31129c3c <unknown>","time":{"start":1757399525870,"stop":1757399538187,"duration":12317}}],"categories":[{"name":"Test defects","matchedStatuses":[],"flaky":false}],"tags":[]},"source":"7791a5cd0207cb3.json","parameterValues":[]}