{"uid":"5341a089284d1cf8","name":"test_change_name","fullName":"tests.test_example.ExampleTestCase#test_change_name","historyId":"401c7467121e7dc775efa0719d6717a6","time":{"start":1757404188813,"stop":1757404203345,"duration":14532},"status":"broken","statusMessage":"selenium.common.exceptions.TimeoutException: Message: \nStacktrace:\nRemoteError@chrome://remote/content/shared/RemoteError.sys.mjs:8:8\nWebDriverError@chrome://remote/content/shared/webdriver/Errors.sys.mjs:199:5\nNoSuchElementError@chrome://remote/content/shared/webdriver/Errors.sys.mjs:552:5\ndom.find/</<@chrome://remote/content/shared/DOM.sys.mjs:136:16","statusTrace":"self = <test_example.ExampleTestCase testMethod=test_change_name>\n\n    def test_change_name(self):\n        self.home.open(OLLAMA_URL)\n        if self.driver.get_window_size()['width'] < 768:\n            self.home.open_profile_settings_mobile()\n            self.settings.change_name(\"Tameer\")\n            self.home.open_menu()\n            self.assertEqual(self.settings.get_name_mobile(\"Tameer\"), \"Tameer\")\n    \n        else:\n>           self.home.open_profile_settings()\n\ntests/test_example.py:44: \n_ _ _ _ _ _ _ _ _ _ _ _ _ _ _ _ _ _ _ _ _ _ _ _ _ _ _ _ _ _ _ _ _ _ _ _ _ _ _ _ \npages/home_page.py:38: in open_profile_settings\n    self.click(self.PROFILE_BTN_DESKTOP)\npages/base_page.py:10: in click\n    self.wait.until(EC.element_to_be_clickable(locator)).click()\n    ^^^^^^^^^^^^^^^^^^^^^^^^^^^^^^^^^^^^^^^^^^^^^^^^^^^^\n_ _ _ _ _ _ _ _ _ _ _ _ _ _ _ _ _ _ _ _ _ _ _ _ _ _ _ _ _ _ _ _ _ _ _ _ _ _ _ _ \n\nself = <selenium.webdriver.support.wait.WebDriverWait (session=\"d6db4dda-853e-449f-8cd8-4570cbd11f63\")>\nmethod = <function element_to_be_clickable.<locals>._predicate at 0x7f7cad95d8a0>\nmessage = ''\n\n    def until(self, method: Callable[[D], Union[Literal[False], T]], message: str = \"\") -> T:\n        \"\"\"Wait until the method returns a value that is not False.\n    \n        Calls the method provided with the driver as an argument until the\n        return value does not evaluate to ``False``.\n    \n        Parameters:\n        -----------\n        method: callable(WebDriver)\n            - A callable object that takes a WebDriver instance as an argument.\n    \n        message: str\n            - Optional message for :exc:`TimeoutException`\n    \n        Return:\n        -------\n        object: T\n            - The result of the last call to `method`\n    \n        Raises:\n        -------\n        TimeoutException\n            - If 'method' does not return a truthy value within the WebDriverWait\n            object's timeout\n    \n        Example:\n        --------\n        >>> from selenium.webdriver.common.by import By\n        >>> from selenium.webdriver.support.ui import WebDriverWait\n        >>> from selenium.webdriver.support import expected_conditions as EC\n    \n        # Wait until an element is visible on the page\n        >>> wait = WebDriverWait(driver, 10)\n        >>> element = wait.until(EC.visibility_of_element_located((By.ID, \"exampleId\")))\n        >>> print(element.text)\n        \"\"\"\n        screen = None\n        stacktrace = None\n    \n        end_time = time.monotonic() + self._timeout\n        while True:\n            try:\n                value = method(self._driver)\n                if value:\n                    return value\n            except self._ignored_exceptions as exc:\n                screen = getattr(exc, \"screen\", None)\n                stacktrace = getattr(exc, \"stacktrace\", None)\n            if time.monotonic() > end_time:\n                break\n            time.sleep(self._poll)\n>       raise TimeoutException(message, screen, stacktrace)\nE       selenium.common.exceptions.TimeoutException: Message: \nE       Stacktrace:\nE       RemoteError@chrome://remote/content/shared/RemoteError.sys.mjs:8:8\nE       WebDriverError@chrome://remote/content/shared/webdriver/Errors.sys.mjs:199:5\nE       NoSuchElementError@chrome://remote/content/shared/webdriver/Errors.sys.mjs:552:5\nE       dom.find/</<@chrome://remote/content/shared/DOM.sys.mjs:136:16\n\n/opt/hostedtoolcache/Python/3.11.13/x64/lib/python3.11/site-packages/selenium/webdriver/support/wait.py:138: TimeoutException","flaky":false,"newFailed":false,"newBroken":false,"newPassed":false,"retriesCount":5,"retriesStatusChange":true,"beforeStages":[{"name":"_unittest_setUpClass_fixture_ExampleTestCase","time":{"start":1757404188813,"stop":1757404188813,"duration":0},"status":"passed","steps":[],"attachments":[],"parameters":[],"stepsCount":0,"shouldDisplayMessage":false,"attachmentsCount":0,"hasContent":false,"attachmentStep":false}],"afterStages":[{"name":"_unittest_setUpClass_fixture_ExampleTestCase::0","time":{"start":1757404220890,"stop":1757404220890,"duration":0},"status":"passed","steps":[],"attachments":[],"parameters":[],"stepsCount":0,"shouldDisplayMessage":false,"attachmentsCount":0,"hasContent":false,"attachmentStep":false}],"labels":[{"name":"parentSuite","value":"tests"},{"name":"suite","value":"test_example"},{"name":"subSuite","value":"ExampleTestCase"},{"name":"host","value":"pkrvm7jw40e0xgp"},{"name":"thread","value":"2625-MainThread"},{"name":"framework","value":"pytest"},{"name":"language","value":"cpython3"},{"name":"package","value":"tests.test_example"},{"name":"resultFormat","value":"allure2"}],"parameters":[],"links":[],"hidden":false,"retry":false,"extra":{"severity":"normal","retries":[{"uid":"821daedf1cb4d282","status":"broken","statusDetails":"selenium.common.exceptions.TimeoutException: Message: \nStacktrace:\n#0 0x56157d02608a <unknown>\n#1 0x56157cac5a70 <unknown>\n#2 0x56157cb17907 <unknown>\n#3 0x56157cb17b01 <unknown>\n#4 0x56157cb65d54 <unknown>\n#5 0x56157cb3d40d <unknown>\n#6 0x56157cb6314f <unknown>\n#7 0x56157cb3d1b3 <unknown>\n#8 0x56157cb0959b <unknown>\n#9 0x56157cb0a971 <unknown>\n#10 0x56157cfeb25b <unknown>\n#11 0x56157cfeefa9 <unknown>\n#12 0x56157cfd2339 <unknown>\n#13 0x56157cfefb58 <unknown>\n#14 0x56157cfb6c1f <unknown>\n#15 0x56157d013118 <unknown>\n#16 0x56157d0132f6 <unknown>\n#17 0x56157d025066 <unknown>\n#18 0x7f47ea29caa4 <unknown>\n#19 0x7f47ea329c3c <unknown>","time":{"start":1757404184698,"stop":1757404207420,"duration":22722}},{"uid":"380afc2da69443c4","status":"passed","time":{"start":1757404184691,"stop":1757404195723,"duration":11032}},{"uid":"a95e5101ad67a9fc","status":"broken","statusDetails":"selenium.common.exceptions.TimeoutException: Message: \nStacktrace:\nRemoteError@chrome://remote/content/shared/RemoteError.sys.mjs:8:8\nWebDriverError@chrome://remote/content/shared/webdriver/Errors.sys.mjs:199:5\nNoSuchElementError@chrome://remote/content/shared/webdriver/Errors.sys.mjs:552:5\ndom.find/</<@chrome://remote/content/shared/DOM.sys.mjs:136:16","time":{"start":1757404181762,"stop":1757404195604,"duration":13842}},{"uid":"efec016597a535d2","status":"passed","time":{"start":1757404178980,"stop":1757404184452,"duration":5472}},{"uid":"648829b40e060b3a","status":"broken","statusDetails":"selenium.common.exceptions.TimeoutException: Message: \nStacktrace:\n#0 0x55d3a042808a <unknown>\n#1 0x55d39fec7a70 <unknown>\n#2 0x55d39ff19907 <unknown>\n#3 0x55d39ff19b01 <unknown>\n#4 0x55d39ff67d54 <unknown>\n#5 0x55d39ff3f40d <unknown>\n#6 0x55d39ff6514f <unknown>\n#7 0x55d39ff3f1b3 <unknown>\n#8 0x55d39ff0b59b <unknown>\n#9 0x55d39ff0c971 <unknown>\n#10 0x55d3a03ed25b <unknown>\n#11 0x55d3a03f0fa9 <unknown>\n#12 0x55d3a03d4339 <unknown>\n#13 0x55d3a03f1b58 <unknown>\n#14 0x55d3a03b8c1f <unknown>\n#15 0x55d3a0415118 <unknown>\n#16 0x55d3a04152f6 <unknown>\n#17 0x55d3a0427066 <unknown>\n#18 0x7f710909caa4 <unknown>\n#19 0x7f7109129c3c <unknown>","time":{"start":1757404177691,"stop":1757404196365,"duration":18674}}],"categories":[{"name":"Test defects","matchedStatuses":[],"flaky":false}],"tags":[]},"source":"5341a089284d1cf8.json","parameterValues":[]}