{"uid":"f4d9896a0edfe37b","name":"test_send_message","fullName":"tests.test_example.ExampleTestCase#test_send_message","historyId":"3bc4f3765c9b31fcf733254dd25c049d","time":{"start":1757404209100,"stop":1757404221452,"duration":12352},"status":"broken","statusMessage":"selenium.common.exceptions.TimeoutException: Message: \nStacktrace:\n#0 0x557287bd808a <unknown>\n#1 0x557287677a70 <unknown>\n#2 0x5572876c9907 <unknown>\n#3 0x5572876c9b01 <unknown>\n#4 0x557287717d54 <unknown>\n#5 0x5572876ef40d <unknown>\n#6 0x55728771514f <unknown>\n#7 0x5572876ef1b3 <unknown>\n#8 0x5572876bb59b <unknown>\n#9 0x5572876bc971 <unknown>\n#10 0x557287b9d25b <unknown>\n#11 0x557287ba0fa9 <unknown>\n#12 0x557287b84339 <unknown>\n#13 0x557287ba1b58 <unknown>\n#14 0x557287b68c1f <unknown>\n#15 0x557287bc5118 <unknown>\n#16 0x557287bc52f6 <unknown>\n#17 0x557287bd7066 <unknown>\n#18 0x7fe55d29caa4 <unknown>\n#19 0x7fe55d329c3c <unknown>","statusTrace":"self = <test_example.ExampleTestCase testMethod=test_send_message>\n\n    def test_send_message(self):\n        self.home.open(OLLAMA_URL)\n>       self.home.select_gemma3()\n\ntests/test_example.py:30: \n_ _ _ _ _ _ _ _ _ _ _ _ _ _ _ _ _ _ _ _ _ _ _ _ _ _ _ _ _ _ _ _ _ _ _ _ _ _ _ _ \npages/home_page.py:25: in select_gemma3\n    self.click(self.GEMMA3)\npages/base_page.py:10: in click\n    self.wait.until(EC.element_to_be_clickable(locator)).click()\n    ^^^^^^^^^^^^^^^^^^^^^^^^^^^^^^^^^^^^^^^^^^^^^^^^^^^^\n_ _ _ _ _ _ _ _ _ _ _ _ _ _ _ _ _ _ _ _ _ _ _ _ _ _ _ _ _ _ _ _ _ _ _ _ _ _ _ _ \n\nself = <selenium.webdriver.support.wait.WebDriverWait (session=\"20e0a5f3d50f0e43ca5dc47921855481\")>\nmethod = <function element_to_be_clickable.<locals>._predicate at 0x7f22393289a0>\nmessage = ''\n\n    def until(self, method: Callable[[D], Union[Literal[False], T]], message: str = \"\") -> T:\n        \"\"\"Wait until the method returns a value that is not False.\n    \n        Calls the method provided with the driver as an argument until the\n        return value does not evaluate to ``False``.\n    \n        Parameters:\n        -----------\n        method: callable(WebDriver)\n            - A callable object that takes a WebDriver instance as an argument.\n    \n        message: str\n            - Optional message for :exc:`TimeoutException`\n    \n        Return:\n        -------\n        object: T\n            - The result of the last call to `method`\n    \n        Raises:\n        -------\n        TimeoutException\n            - If 'method' does not return a truthy value within the WebDriverWait\n            object's timeout\n    \n        Example:\n        --------\n        >>> from selenium.webdriver.common.by import By\n        >>> from selenium.webdriver.support.ui import WebDriverWait\n        >>> from selenium.webdriver.support import expected_conditions as EC\n    \n        # Wait until an element is visible on the page\n        >>> wait = WebDriverWait(driver, 10)\n        >>> element = wait.until(EC.visibility_of_element_located((By.ID, \"exampleId\")))\n        >>> print(element.text)\n        \"\"\"\n        screen = None\n        stacktrace = None\n    \n        end_time = time.monotonic() + self._timeout\n        while True:\n            try:\n                value = method(self._driver)\n                if value:\n                    return value\n            except self._ignored_exceptions as exc:\n                screen = getattr(exc, \"screen\", None)\n                stacktrace = getattr(exc, \"stacktrace\", None)\n            if time.monotonic() > end_time:\n                break\n            time.sleep(self._poll)\n>       raise TimeoutException(message, screen, stacktrace)\nE       selenium.common.exceptions.TimeoutException: Message: \nE       Stacktrace:\nE       #0 0x557287bd808a <unknown>\nE       #1 0x557287677a70 <unknown>\nE       #2 0x5572876c9907 <unknown>\nE       #3 0x5572876c9b01 <unknown>\nE       #4 0x557287717d54 <unknown>\nE       #5 0x5572876ef40d <unknown>\nE       #6 0x55728771514f <unknown>\nE       #7 0x5572876ef1b3 <unknown>\nE       #8 0x5572876bb59b <unknown>\nE       #9 0x5572876bc971 <unknown>\nE       #10 0x557287b9d25b <unknown>\nE       #11 0x557287ba0fa9 <unknown>\nE       #12 0x557287b84339 <unknown>\nE       #13 0x557287ba1b58 <unknown>\nE       #14 0x557287b68c1f <unknown>\nE       #15 0x557287bc5118 <unknown>\nE       #16 0x557287bc52f6 <unknown>\nE       #17 0x557287bd7066 <unknown>\nE       #18 0x7fe55d29caa4 <unknown>\nE       #19 0x7fe55d329c3c <unknown>\n\n/opt/hostedtoolcache/Python/3.11.13/x64/lib/python3.11/site-packages/selenium/webdriver/support/wait.py:138: TimeoutException","flaky":false,"newFailed":false,"newBroken":false,"newPassed":false,"retriesCount":5,"retriesStatusChange":false,"beforeStages":[{"name":"_unittest_setUpClass_fixture_ExampleTestCase","time":{"start":1757404184697,"stop":1757404184697,"duration":0},"status":"passed","steps":[],"attachments":[],"parameters":[],"stepsCount":0,"shouldDisplayMessage":false,"attachmentsCount":0,"hasContent":false,"attachmentStep":false}],"afterStages":[{"name":"_unittest_setUpClass_fixture_ExampleTestCase::0","time":{"start":1757404221458,"stop":1757404221458,"duration":0},"status":"passed","steps":[],"attachments":[],"parameters":[],"stepsCount":0,"shouldDisplayMessage":false,"attachmentsCount":0,"hasContent":false,"attachmentStep":false}],"labels":[{"name":"parentSuite","value":"tests"},{"name":"suite","value":"test_example"},{"name":"subSuite","value":"ExampleTestCase"},{"name":"host","value":"pkrvm7jw40e0xgp"},{"name":"thread","value":"2543-MainThread"},{"name":"framework","value":"pytest"},{"name":"language","value":"cpython3"},{"name":"package","value":"tests.test_example"},{"name":"resultFormat","value":"allure2"}],"parameters":[],"links":[],"hidden":false,"retry":false,"extra":{"severity":"normal","retries":[{"uid":"7e813188a91e5138","status":"broken","statusDetails":"selenium.common.exceptions.TimeoutException: Message: \nStacktrace:\nRemoteError@chrome://remote/content/shared/RemoteError.sys.mjs:8:8\nWebDriverError@chrome://remote/content/shared/webdriver/Errors.sys.mjs:199:5\nNoSuchElementError@chrome://remote/content/shared/webdriver/Errors.sys.mjs:552:5\ndom.find/</<@chrome://remote/content/shared/DOM.sys.mjs:136:16","time":{"start":1757404206813,"stop":1757404220884,"duration":14071}},{"uid":"4dc49ed048a4d77e","status":"broken","statusDetails":"selenium.common.exceptions.TimeoutException: Message: \nStacktrace:\nRemoteError@chrome://remote/content/shared/RemoteError.sys.mjs:8:8\nWebDriverError@chrome://remote/content/shared/webdriver/Errors.sys.mjs:199:5\nNoSuchElementError@chrome://remote/content/shared/webdriver/Errors.sys.mjs:552:5\ndom.find/</<@chrome://remote/content/shared/DOM.sys.mjs:136:16","time":{"start":1757404198312,"stop":1757404211608,"duration":13296}},{"uid":"dbe7f0c13b54edae","status":"broken","statusDetails":"selenium.common.exceptions.TimeoutException: Message: \nStacktrace:\n#0 0x55e026c5608a <unknown>\n#1 0x55e0266f5a70 <unknown>\n#2 0x55e026747907 <unknown>\n#3 0x55e026747b01 <unknown>\n#4 0x55e026795d54 <unknown>\n#5 0x55e02676d40d <unknown>\n#6 0x55e02679314f <unknown>\n#7 0x55e02676d1b3 <unknown>\n#8 0x55e02673959b <unknown>\n#9 0x55e02673a971 <unknown>\n#10 0x55e026c1b25b <unknown>\n#11 0x55e026c1efa9 <unknown>\n#12 0x55e026c02339 <unknown>\n#13 0x55e026c1fb58 <unknown>\n#14 0x55e026be6c1f <unknown>\n#15 0x55e026c43118 <unknown>\n#16 0x55e026c432f6 <unknown>\n#17 0x55e026c55066 <unknown>\n#18 0x7fefeee9caa4 <unknown>\n#19 0x7fefeef29c3c <unknown>","time":{"start":1757404197545,"stop":1757404209480,"duration":11935}},{"uid":"468e1ab03fcebed2","status":"broken","statusDetails":"selenium.common.exceptions.TimeoutException: Message: \nStacktrace:\n#0 0x55a69665c08a <unknown>\n#1 0x55a6960fba70 <unknown>\n#2 0x55a69614d907 <unknown>\n#3 0x55a69614db01 <unknown>\n#4 0x55a69619bd54 <unknown>\n#5 0x55a69617340d <unknown>\n#6 0x55a69619914f <unknown>\n#7 0x55a6961731b3 <unknown>\n#8 0x55a69613f59b <unknown>\n#9 0x55a696140971 <unknown>\n#10 0x55a69662125b <unknown>\n#11 0x55a696624fa9 <unknown>\n#12 0x55a696608339 <unknown>\n#13 0x55a696625b58 <unknown>\n#14 0x55a6965ecc1f <unknown>\n#15 0x55a696649118 <unknown>\n#16 0x55a6966492f6 <unknown>\n#17 0x55a69665b066 <unknown>\n#18 0x7f36b7c9caa4 <unknown>\n#19 0x7f36b7d29c3c <unknown>","time":{"start":1757404197386,"stop":1757404209721,"duration":12335}},{"uid":"ced4fa2597dbf14f","status":"broken","statusDetails":"selenium.common.exceptions.TimeoutException: Message: \nStacktrace:\nRemoteError@chrome://remote/content/shared/RemoteError.sys.mjs:8:8\nWebDriverError@chrome://remote/content/shared/webdriver/Errors.sys.mjs:199:5\nNoSuchElementError@chrome://remote/content/shared/webdriver/Errors.sys.mjs:552:5\ndom.find/</<@chrome://remote/content/shared/DOM.sys.mjs:136:16","time":{"start":1757404187577,"stop":1757404201576,"duration":13999}}],"categories":[{"name":"Test defects","matchedStatuses":[],"flaky":false}],"tags":[]},"source":"f4d9896a0edfe37b.json","parameterValues":[]}