{"uid":"a20ce42365bd63d8","name":"test_send_message","fullName":"tests.test_example.ExampleTestCase#test_send_message","historyId":"3bc4f3765c9b31fcf733254dd25c049d","time":{"start":1757261458033,"stop":1757261471420,"duration":13387},"status":"broken","statusMessage":"selenium.common.exceptions.TimeoutException: Message: \nStacktrace:\nRemoteError@chrome://remote/content/shared/RemoteError.sys.mjs:8:8\nWebDriverError@chrome://remote/content/shared/webdriver/Errors.sys.mjs:199:5\nNoSuchElementError@chrome://remote/content/shared/webdriver/Errors.sys.mjs:552:5\ndom.find/</<@chrome://remote/content/shared/DOM.sys.mjs:136:16","statusTrace":"self = <test_example.ExampleTestCase testMethod=test_send_message>\n\n    def test_send_message(self):\n        self.home.open(OLLAMA_URL)\n>       self.home.select_gemma3()\n\ntests/test_example.py:30: \n_ _ _ _ _ _ _ _ _ _ _ _ _ _ _ _ _ _ _ _ _ _ _ _ _ _ _ _ _ _ _ _ _ _ _ _ _ _ _ _ \npages/home_page.py:25: in select_gemma3\n    self.click(self.GEMMA3)\npages/base_page.py:10: in click\n    self.wait.until(EC.element_to_be_clickable(locator)).click()\n    ^^^^^^^^^^^^^^^^^^^^^^^^^^^^^^^^^^^^^^^^^^^^^^^^^^^^\n_ _ _ _ _ _ _ _ _ _ _ _ _ _ _ _ _ _ _ _ _ _ _ _ _ _ _ _ _ _ _ _ _ _ _ _ _ _ _ _ \n\nself = <selenium.webdriver.support.wait.WebDriverWait (session=\"85e11e3f-6a83-4142-a52e-c9e9be28e0bf\")>\nmethod = <function element_to_be_clickable.<locals>._predicate at 0x7f7647adcae0>\nmessage = ''\n\n    def until(self, method: Callable[[D], Union[Literal[False], T]], message: str = \"\") -> T:\n        \"\"\"Wait until the method returns a value that is not False.\n    \n        Calls the method provided with the driver as an argument until the\n        return value does not evaluate to ``False``.\n    \n        Parameters:\n        -----------\n        method: callable(WebDriver)\n            - A callable object that takes a WebDriver instance as an argument.\n    \n        message: str\n            - Optional message for :exc:`TimeoutException`\n    \n        Return:\n        -------\n        object: T\n            - The result of the last call to `method`\n    \n        Raises:\n        -------\n        TimeoutException\n            - If 'method' does not return a truthy value within the WebDriverWait\n            object's timeout\n    \n        Example:\n        --------\n        >>> from selenium.webdriver.common.by import By\n        >>> from selenium.webdriver.support.ui import WebDriverWait\n        >>> from selenium.webdriver.support import expected_conditions as EC\n    \n        # Wait until an element is visible on the page\n        >>> wait = WebDriverWait(driver, 10)\n        >>> element = wait.until(EC.visibility_of_element_located((By.ID, \"exampleId\")))\n        >>> print(element.text)\n        \"\"\"\n        screen = None\n        stacktrace = None\n    \n        end_time = time.monotonic() + self._timeout\n        while True:\n            try:\n                value = method(self._driver)\n                if value:\n                    return value\n            except self._ignored_exceptions as exc:\n                screen = getattr(exc, \"screen\", None)\n                stacktrace = getattr(exc, \"stacktrace\", None)\n            if time.monotonic() > end_time:\n                break\n            time.sleep(self._poll)\n>       raise TimeoutException(message, screen, stacktrace)\nE       selenium.common.exceptions.TimeoutException: Message: \nE       Stacktrace:\nE       RemoteError@chrome://remote/content/shared/RemoteError.sys.mjs:8:8\nE       WebDriverError@chrome://remote/content/shared/webdriver/Errors.sys.mjs:199:5\nE       NoSuchElementError@chrome://remote/content/shared/webdriver/Errors.sys.mjs:552:5\nE       dom.find/</<@chrome://remote/content/shared/DOM.sys.mjs:136:16\n\n/opt/hostedtoolcache/Python/3.11.13/x64/lib/python3.11/site-packages/selenium/webdriver/support/wait.py:138: TimeoutException","flaky":false,"newFailed":false,"newBroken":false,"newPassed":false,"retriesCount":5,"retriesStatusChange":false,"beforeStages":[{"name":"_unittest_setUpClass_fixture_ExampleTestCase","time":{"start":1757261440938,"stop":1757261440938,"duration":0},"status":"passed","steps":[],"attachments":[],"parameters":[],"stepsCount":0,"shouldDisplayMessage":false,"attachmentsCount":0,"hasContent":false,"attachmentStep":false}],"afterStages":[{"name":"_unittest_setUpClass_fixture_ExampleTestCase::0","time":{"start":1757261471426,"stop":1757261471426,"duration":0},"status":"passed","steps":[],"attachments":[],"parameters":[],"stepsCount":0,"shouldDisplayMessage":false,"attachmentsCount":0,"hasContent":false,"attachmentStep":false}],"labels":[{"name":"parentSuite","value":"tests"},{"name":"suite","value":"test_example"},{"name":"subSuite","value":"ExampleTestCase"},{"name":"host","value":"pkrvm7jw40e0xgp"},{"name":"thread","value":"2631-MainThread"},{"name":"framework","value":"pytest"},{"name":"language","value":"cpython3"},{"name":"package","value":"tests.test_example"},{"name":"resultFormat","value":"allure2"}],"parameters":[],"links":[],"hidden":false,"retry":false,"extra":{"severity":"normal","retries":[{"uid":"20a0c16b5c006f2d","status":"broken","statusDetails":"selenium.common.exceptions.TimeoutException: Message: \nStacktrace:\nRemoteError@chrome://remote/content/shared/RemoteError.sys.mjs:8:8\nWebDriverError@chrome://remote/content/shared/webdriver/Errors.sys.mjs:199:5\nNoSuchElementError@chrome://remote/content/shared/webdriver/Errors.sys.mjs:552:5\ndom.find/</<@chrome://remote/content/shared/DOM.sys.mjs:136:16","time":{"start":1757261456745,"stop":1757261470625,"duration":13880}},{"uid":"ea5343aba8f7e267","status":"broken","statusDetails":"selenium.common.exceptions.TimeoutException: Message: \nStacktrace:\n#0 0x55a34432708a <unknown>\n#1 0x55a343dc6a70 <unknown>\n#2 0x55a343e18907 <unknown>\n#3 0x55a343e18b01 <unknown>\n#4 0x55a343e66d54 <unknown>\n#5 0x55a343e3e40d <unknown>\n#6 0x55a343e6414f <unknown>\n#7 0x55a343e3e1b3 <unknown>\n#8 0x55a343e0a59b <unknown>\n#9 0x55a343e0b971 <unknown>\n#10 0x55a3442ec25b <unknown>\n#11 0x55a3442effa9 <unknown>\n#12 0x55a3442d3339 <unknown>\n#13 0x55a3442f0b58 <unknown>\n#14 0x55a3442b7c1f <unknown>\n#15 0x55a344314118 <unknown>\n#16 0x55a3443142f6 <unknown>\n#17 0x55a344326066 <unknown>\n#18 0x7f5dafa9caa4 <unknown>\n#19 0x7f5dafb29c3c <unknown>","time":{"start":1757261455036,"stop":1757261467119,"duration":12083}},{"uid":"264a9257edfb0037","status":"broken","statusDetails":"selenium.common.exceptions.TimeoutException: Message: \nStacktrace:\n#0 0x55a6f2e9508a <unknown>\n#1 0x55a6f2934a70 <unknown>\n#2 0x55a6f2986907 <unknown>\n#3 0x55a6f2986b01 <unknown>\n#4 0x55a6f29d4d54 <unknown>\n#5 0x55a6f29ac40d <unknown>\n#6 0x55a6f29d214f <unknown>\n#7 0x55a6f29ac1b3 <unknown>\n#8 0x55a6f297859b <unknown>\n#9 0x55a6f2979971 <unknown>\n#10 0x55a6f2e5a25b <unknown>\n#11 0x55a6f2e5dfa9 <unknown>\n#12 0x55a6f2e41339 <unknown>\n#13 0x55a6f2e5eb58 <unknown>\n#14 0x55a6f2e25c1f <unknown>\n#15 0x55a6f2e82118 <unknown>\n#16 0x55a6f2e822f6 <unknown>\n#17 0x55a6f2e94066 <unknown>\n#18 0x7f55c0e9caa4 <unknown>\n#19 0x7f55c0f29c3c <unknown>","time":{"start":1757261451343,"stop":1757261463198,"duration":11855}},{"uid":"da657acd81fc66b7","status":"broken","statusDetails":"selenium.common.exceptions.TimeoutException: Message: \nStacktrace:\n#0 0x55c56991508a <unknown>\n#1 0x55c5693b4a70 <unknown>\n#2 0x55c569406907 <unknown>\n#3 0x55c569406b01 <unknown>\n#4 0x55c569454d54 <unknown>\n#5 0x55c56942c40d <unknown>\n#6 0x55c56945214f <unknown>\n#7 0x55c56942c1b3 <unknown>\n#8 0x55c5693f859b <unknown>\n#9 0x55c5693f9971 <unknown>\n#10 0x55c5698da25b <unknown>\n#11 0x55c5698ddfa9 <unknown>\n#12 0x55c5698c1339 <unknown>\n#13 0x55c5698deb58 <unknown>\n#14 0x55c5698a5c1f <unknown>\n#15 0x55c569902118 <unknown>\n#16 0x55c5699022f6 <unknown>\n#17 0x55c569914066 <unknown>\n#18 0x7f9768c9caa4 <unknown>\n#19 0x7f9768d29c3c <unknown>","time":{"start":1757261451300,"stop":1757261463444,"duration":12144}},{"uid":"6ee54d12eda317fc","status":"broken","statusDetails":"selenium.common.exceptions.TimeoutException: Message: \nStacktrace:\nRemoteError@chrome://remote/content/shared/RemoteError.sys.mjs:8:8\nWebDriverError@chrome://remote/content/shared/webdriver/Errors.sys.mjs:199:5\nNoSuchElementError@chrome://remote/content/shared/webdriver/Errors.sys.mjs:552:5\ndom.find/</<@chrome://remote/content/shared/DOM.sys.mjs:136:16","time":{"start":1757261448520,"stop":1757261462353,"duration":13833}}],"categories":[{"name":"Test defects","matchedStatuses":[],"flaky":false}],"tags":[]},"source":"a20ce42365bd63d8.json","parameterValues":[]}