{"uid":"4be627209fa6e931","name":"test_send_message","fullName":"tests.test_example.ExampleTestCase#test_send_message","historyId":"3bc4f3765c9b31fcf733254dd25c049d","time":{"start":1757408324143,"stop":1757408336572,"duration":12429},"status":"broken","statusMessage":"selenium.common.exceptions.TimeoutException: Message: \nStacktrace:\n#0 0x562a243ef08a <unknown>\n#1 0x562a23e8ea70 <unknown>\n#2 0x562a23ee0907 <unknown>\n#3 0x562a23ee0b01 <unknown>\n#4 0x562a23f2ed54 <unknown>\n#5 0x562a23f0640d <unknown>\n#6 0x562a23f2c14f <unknown>\n#7 0x562a23f061b3 <unknown>\n#8 0x562a23ed259b <unknown>\n#9 0x562a23ed3971 <unknown>\n#10 0x562a243b425b <unknown>\n#11 0x562a243b7fa9 <unknown>\n#12 0x562a2439b339 <unknown>\n#13 0x562a243b8b58 <unknown>\n#14 0x562a2437fc1f <unknown>\n#15 0x562a243dc118 <unknown>\n#16 0x562a243dc2f6 <unknown>\n#17 0x562a243ee066 <unknown>\n#18 0x7f041709caa4 <unknown>\n#19 0x7f0417129c3c <unknown>","statusTrace":"self = <test_example.ExampleTestCase testMethod=test_send_message>\n\n    def test_send_message(self):\n        self.home.open(OLLAMA_URL)\n>       self.home.select_gemma3()\n\ntests/test_example.py:30: \n_ _ _ _ _ _ _ _ _ _ _ _ _ _ _ _ _ _ _ _ _ _ _ _ _ _ _ _ _ _ _ _ _ _ _ _ _ _ _ _ \npages/home_page.py:25: in select_gemma3\n    self.click(self.GEMMA3)\npages/base_page.py:10: in click\n    self.wait.until(EC.element_to_be_clickable(locator)).click()\n    ^^^^^^^^^^^^^^^^^^^^^^^^^^^^^^^^^^^^^^^^^^^^^^^^^^^^\n_ _ _ _ _ _ _ _ _ _ _ _ _ _ _ _ _ _ _ _ _ _ _ _ _ _ _ _ _ _ _ _ _ _ _ _ _ _ _ _ \n\nself = <selenium.webdriver.support.wait.WebDriverWait (session=\"916484006bf367d2dad84d9ca9a09eec\")>\nmethod = <function element_to_be_clickable.<locals>._predicate at 0x7f05c2c589a0>\nmessage = ''\n\n    def until(self, method: Callable[[D], Union[Literal[False], T]], message: str = \"\") -> T:\n        \"\"\"Wait until the method returns a value that is not False.\n    \n        Calls the method provided with the driver as an argument until the\n        return value does not evaluate to ``False``.\n    \n        Parameters:\n        -----------\n        method: callable(WebDriver)\n            - A callable object that takes a WebDriver instance as an argument.\n    \n        message: str\n            - Optional message for :exc:`TimeoutException`\n    \n        Return:\n        -------\n        object: T\n            - The result of the last call to `method`\n    \n        Raises:\n        -------\n        TimeoutException\n            - If 'method' does not return a truthy value within the WebDriverWait\n            object's timeout\n    \n        Example:\n        --------\n        >>> from selenium.webdriver.common.by import By\n        >>> from selenium.webdriver.support.ui import WebDriverWait\n        >>> from selenium.webdriver.support import expected_conditions as EC\n    \n        # Wait until an element is visible on the page\n        >>> wait = WebDriverWait(driver, 10)\n        >>> element = wait.until(EC.visibility_of_element_located((By.ID, \"exampleId\")))\n        >>> print(element.text)\n        \"\"\"\n        screen = None\n        stacktrace = None\n    \n        end_time = time.monotonic() + self._timeout\n        while True:\n            try:\n                value = method(self._driver)\n                if value:\n                    return value\n            except self._ignored_exceptions as exc:\n                screen = getattr(exc, \"screen\", None)\n                stacktrace = getattr(exc, \"stacktrace\", None)\n            if time.monotonic() > end_time:\n                break\n            time.sleep(self._poll)\n>       raise TimeoutException(message, screen, stacktrace)\nE       selenium.common.exceptions.TimeoutException: Message: \nE       Stacktrace:\nE       #0 0x562a243ef08a <unknown>\nE       #1 0x562a23e8ea70 <unknown>\nE       #2 0x562a23ee0907 <unknown>\nE       #3 0x562a23ee0b01 <unknown>\nE       #4 0x562a23f2ed54 <unknown>\nE       #5 0x562a23f0640d <unknown>\nE       #6 0x562a23f2c14f <unknown>\nE       #7 0x562a23f061b3 <unknown>\nE       #8 0x562a23ed259b <unknown>\nE       #9 0x562a23ed3971 <unknown>\nE       #10 0x562a243b425b <unknown>\nE       #11 0x562a243b7fa9 <unknown>\nE       #12 0x562a2439b339 <unknown>\nE       #13 0x562a243b8b58 <unknown>\nE       #14 0x562a2437fc1f <unknown>\nE       #15 0x562a243dc118 <unknown>\nE       #16 0x562a243dc2f6 <unknown>\nE       #17 0x562a243ee066 <unknown>\nE       #18 0x7f041709caa4 <unknown>\nE       #19 0x7f0417129c3c <unknown>\n\n/opt/hostedtoolcache/Python/3.11.13/x64/lib/python3.11/site-packages/selenium/webdriver/support/wait.py:138: TimeoutException","flaky":false,"newFailed":false,"newBroken":false,"newPassed":false,"retriesCount":5,"retriesStatusChange":false,"beforeStages":[{"name":"_unittest_setUpClass_fixture_ExampleTestCase","time":{"start":1757408300680,"stop":1757408300680,"duration":0},"status":"passed","steps":[],"attachments":[],"parameters":[],"stepsCount":0,"shouldDisplayMessage":false,"attachmentsCount":0,"hasContent":false,"attachmentStep":false}],"afterStages":[{"name":"_unittest_setUpClass_fixture_ExampleTestCase::0","time":{"start":1757408336578,"stop":1757408336578,"duration":0},"status":"passed","steps":[],"attachments":[],"parameters":[],"stepsCount":0,"shouldDisplayMessage":false,"attachmentsCount":0,"hasContent":false,"attachmentStep":false}],"labels":[{"name":"parentSuite","value":"tests"},{"name":"suite","value":"test_example"},{"name":"subSuite","value":"ExampleTestCase"},{"name":"host","value":"pkrvm7jw40e0xgp"},{"name":"thread","value":"2559-MainThread"},{"name":"framework","value":"pytest"},{"name":"language","value":"cpython3"},{"name":"package","value":"tests.test_example"},{"name":"resultFormat","value":"allure2"}],"parameters":[],"links":[],"hidden":false,"retry":false,"extra":{"severity":"normal","retries":[{"uid":"de8a78e55d3486f6","status":"broken","statusDetails":"selenium.common.exceptions.TimeoutException: Message: \nStacktrace:\nRemoteError@chrome://remote/content/shared/RemoteError.sys.mjs:8:8\nWebDriverError@chrome://remote/content/shared/webdriver/Errors.sys.mjs:199:5\nNoSuchElementError@chrome://remote/content/shared/webdriver/Errors.sys.mjs:552:5\ndom.find/</<@chrome://remote/content/shared/DOM.sys.mjs:136:16","time":{"start":1757408319699,"stop":1757408333302,"duration":13603}},{"uid":"781cab02ca1dfc63","status":"broken","statusDetails":"selenium.common.exceptions.TimeoutException: Message: \nStacktrace:\nRemoteError@chrome://remote/content/shared/RemoteError.sys.mjs:8:8\nWebDriverError@chrome://remote/content/shared/webdriver/Errors.sys.mjs:199:5\nNoSuchElementError@chrome://remote/content/shared/webdriver/Errors.sys.mjs:552:5\ndom.find/</<@chrome://remote/content/shared/DOM.sys.mjs:136:16","time":{"start":1757408317319,"stop":1757408330720,"duration":13401}},{"uid":"c6605af07096a398","status":"broken","statusDetails":"selenium.common.exceptions.TimeoutException: Message: \nStacktrace:\n#0 0x56346a0f108a <unknown>\n#1 0x563469b90a70 <unknown>\n#2 0x563469be2907 <unknown>\n#3 0x563469be2b01 <unknown>\n#4 0x563469c30d54 <unknown>\n#5 0x563469c0840d <unknown>\n#6 0x563469c2e14f <unknown>\n#7 0x563469c081b3 <unknown>\n#8 0x563469bd459b <unknown>\n#9 0x563469bd5971 <unknown>\n#10 0x56346a0b625b <unknown>\n#11 0x56346a0b9fa9 <unknown>\n#12 0x56346a09d339 <unknown>\n#13 0x56346a0bab58 <unknown>\n#14 0x56346a081c1f <unknown>\n#15 0x56346a0de118 <unknown>\n#16 0x56346a0de2f6 <unknown>\n#17 0x56346a0f0066 <unknown>\n#18 0x7fb187a9caa4 <unknown>\n#19 0x7fb187b29c3c <unknown>","time":{"start":1757408314106,"stop":1757408326452,"duration":12346}},{"uid":"91204d1ab332dd07","status":"broken","statusDetails":"selenium.common.exceptions.TimeoutException: Message: \nStacktrace:\n#0 0x55e03ec5b08a <unknown>\n#1 0x55e03e6faa70 <unknown>\n#2 0x55e03e74c907 <unknown>\n#3 0x55e03e74cb01 <unknown>\n#4 0x55e03e79ad54 <unknown>\n#5 0x55e03e77240d <unknown>\n#6 0x55e03e79814f <unknown>\n#7 0x55e03e7721b3 <unknown>\n#8 0x55e03e73e59b <unknown>\n#9 0x55e03e73f971 <unknown>\n#10 0x55e03ec2025b <unknown>\n#11 0x55e03ec23fa9 <unknown>\n#12 0x55e03ec07339 <unknown>\n#13 0x55e03ec24b58 <unknown>\n#14 0x55e03ebebc1f <unknown>\n#15 0x55e03ec48118 <unknown>\n#16 0x55e03ec482f6 <unknown>\n#17 0x55e03ec5a066 <unknown>\n#18 0x7fa1c9a9caa4 <unknown>\n#19 0x7fa1c9b29c3c <unknown>","time":{"start":1757408310660,"stop":1757408322755,"duration":12095}},{"uid":"8cbcf70014e74d04","status":"broken","statusDetails":"selenium.common.exceptions.TimeoutException: Message: \nStacktrace:\nRemoteError@chrome://remote/content/shared/RemoteError.sys.mjs:8:8\nWebDriverError@chrome://remote/content/shared/webdriver/Errors.sys.mjs:199:5\nNoSuchElementError@chrome://remote/content/shared/webdriver/Errors.sys.mjs:552:5\ndom.find/</<@chrome://remote/content/shared/DOM.sys.mjs:136:16","time":{"start":1757408307313,"stop":1757408321308,"duration":13995}}],"categories":[{"name":"Test defects","matchedStatuses":[],"flaky":false}],"tags":[]},"source":"4be627209fa6e931.json","parameterValues":[]}