{"uid":"c6605af07096a398","name":"test_send_message","fullName":"tests.test_example.ExampleTestCase#test_send_message","historyId":"3bc4f3765c9b31fcf733254dd25c049d","time":{"start":1757408314106,"stop":1757408326452,"duration":12346},"status":"broken","statusMessage":"selenium.common.exceptions.TimeoutException: Message: \nStacktrace:\n#0 0x56346a0f108a <unknown>\n#1 0x563469b90a70 <unknown>\n#2 0x563469be2907 <unknown>\n#3 0x563469be2b01 <unknown>\n#4 0x563469c30d54 <unknown>\n#5 0x563469c0840d <unknown>\n#6 0x563469c2e14f <unknown>\n#7 0x563469c081b3 <unknown>\n#8 0x563469bd459b <unknown>\n#9 0x563469bd5971 <unknown>\n#10 0x56346a0b625b <unknown>\n#11 0x56346a0b9fa9 <unknown>\n#12 0x56346a09d339 <unknown>\n#13 0x56346a0bab58 <unknown>\n#14 0x56346a081c1f <unknown>\n#15 0x56346a0de118 <unknown>\n#16 0x56346a0de2f6 <unknown>\n#17 0x56346a0f0066 <unknown>\n#18 0x7fb187a9caa4 <unknown>\n#19 0x7fb187b29c3c <unknown>","statusTrace":"self = <test_example.ExampleTestCase testMethod=test_send_message>\n\n    def test_send_message(self):\n        self.home.open(OLLAMA_URL)\n>       self.home.select_gemma3()\n\ntests/test_example.py:30: \n_ _ _ _ _ _ _ _ _ _ _ _ _ _ _ _ _ _ _ _ _ _ _ _ _ _ _ _ _ _ _ _ _ _ _ _ _ _ _ _ \npages/home_page.py:25: in select_gemma3\n    self.click(self.GEMMA3)\npages/base_page.py:10: in click\n    self.wait.until(EC.element_to_be_clickable(locator)).click()\n    ^^^^^^^^^^^^^^^^^^^^^^^^^^^^^^^^^^^^^^^^^^^^^^^^^^^^\n_ _ _ _ _ _ _ _ _ _ _ _ _ _ _ _ _ _ _ _ _ _ _ _ _ _ _ _ _ _ _ _ _ _ _ _ _ _ _ _ \n\nself = <selenium.webdriver.support.wait.WebDriverWait (session=\"55f65d0ffdfb91070f2abef8c87dd1de\")>\nmethod = <function element_to_be_clickable.<locals>._predicate at 0x7f3509623100>\nmessage = ''\n\n    def until(self, method: Callable[[D], Union[Literal[False], T]], message: str = \"\") -> T:\n        \"\"\"Wait until the method returns a value that is not False.\n    \n        Calls the method provided with the driver as an argument until the\n        return value does not evaluate to ``False``.\n    \n        Parameters:\n        -----------\n        method: callable(WebDriver)\n            - A callable object that takes a WebDriver instance as an argument.\n    \n        message: str\n            - Optional message for :exc:`TimeoutException`\n    \n        Return:\n        -------\n        object: T\n            - The result of the last call to `method`\n    \n        Raises:\n        -------\n        TimeoutException\n            - If 'method' does not return a truthy value within the WebDriverWait\n            object's timeout\n    \n        Example:\n        --------\n        >>> from selenium.webdriver.common.by import By\n        >>> from selenium.webdriver.support.ui import WebDriverWait\n        >>> from selenium.webdriver.support import expected_conditions as EC\n    \n        # Wait until an element is visible on the page\n        >>> wait = WebDriverWait(driver, 10)\n        >>> element = wait.until(EC.visibility_of_element_located((By.ID, \"exampleId\")))\n        >>> print(element.text)\n        \"\"\"\n        screen = None\n        stacktrace = None\n    \n        end_time = time.monotonic() + self._timeout\n        while True:\n            try:\n                value = method(self._driver)\n                if value:\n                    return value\n            except self._ignored_exceptions as exc:\n                screen = getattr(exc, \"screen\", None)\n                stacktrace = getattr(exc, \"stacktrace\", None)\n            if time.monotonic() > end_time:\n                break\n            time.sleep(self._poll)\n>       raise TimeoutException(message, screen, stacktrace)\nE       selenium.common.exceptions.TimeoutException: Message: \nE       Stacktrace:\nE       #0 0x56346a0f108a <unknown>\nE       #1 0x563469b90a70 <unknown>\nE       #2 0x563469be2907 <unknown>\nE       #3 0x563469be2b01 <unknown>\nE       #4 0x563469c30d54 <unknown>\nE       #5 0x563469c0840d <unknown>\nE       #6 0x563469c2e14f <unknown>\nE       #7 0x563469c081b3 <unknown>\nE       #8 0x563469bd459b <unknown>\nE       #9 0x563469bd5971 <unknown>\nE       #10 0x56346a0b625b <unknown>\nE       #11 0x56346a0b9fa9 <unknown>\nE       #12 0x56346a09d339 <unknown>\nE       #13 0x56346a0bab58 <unknown>\nE       #14 0x56346a081c1f <unknown>\nE       #15 0x56346a0de118 <unknown>\nE       #16 0x56346a0de2f6 <unknown>\nE       #17 0x56346a0f0066 <unknown>\nE       #18 0x7fb187a9caa4 <unknown>\nE       #19 0x7fb187b29c3c <unknown>\n\n/opt/hostedtoolcache/Python/3.11.13/x64/lib/python3.11/site-packages/selenium/webdriver/support/wait.py:138: TimeoutException","flaky":false,"newFailed":false,"newBroken":false,"newPassed":false,"retriesCount":0,"retriesStatusChange":false,"beforeStages":[{"name":"_unittest_setUpClass_fixture_ExampleTestCase","time":{"start":1757408299664,"stop":1757408299664,"duration":0},"status":"passed","steps":[],"attachments":[],"parameters":[],"stepsCount":0,"shouldDisplayMessage":false,"attachmentsCount":0,"hasContent":false,"attachmentStep":false}],"afterStages":[{"name":"_unittest_setUpClass_fixture_ExampleTestCase::0","time":{"start":1757408326483,"stop":1757408326483,"duration":0},"status":"passed","steps":[],"attachments":[],"parameters":[],"stepsCount":0,"shouldDisplayMessage":false,"attachmentsCount":0,"hasContent":false,"attachmentStep":false}],"labels":[{"name":"parentSuite","value":"tests"},{"name":"suite","value":"test_example"},{"name":"subSuite","value":"ExampleTestCase"},{"name":"host","value":"pkrvm7jw40e0xgp"},{"name":"thread","value":"2583-MainThread"},{"name":"framework","value":"pytest"},{"name":"language","value":"cpython3"},{"name":"package","value":"tests.test_example"},{"name":"resultFormat","value":"allure2"}],"parameters":[],"links":[],"hidden":true,"retry":true,"extra":{"categories":[],"tags":[]},"source":"c6605af07096a398.json","parameterValues":[]}