{"uid":"1850527528024765","name":"test_send_message","fullName":"tests.test_example.ExampleTestCase#test_send_message","historyId":"3bc4f3765c9b31fcf733254dd25c049d","time":{"start":1757408327364,"stop":1757408340708,"duration":13344},"status":"broken","statusMessage":"selenium.common.exceptions.TimeoutException: Message: \nStacktrace:\nRemoteError@chrome://remote/content/shared/RemoteError.sys.mjs:8:8\nWebDriverError@chrome://remote/content/shared/webdriver/Errors.sys.mjs:199:5\nNoSuchElementError@chrome://remote/content/shared/webdriver/Errors.sys.mjs:552:5\ndom.find/</<@chrome://remote/content/shared/DOM.sys.mjs:136:16","statusTrace":"self = <test_example.ExampleTestCase testMethod=test_send_message>\n\n    def test_send_message(self):\n        self.home.open(OLLAMA_URL)\n>       self.home.select_gemma3()\n\ntests/test_example.py:30: \n_ _ _ _ _ _ _ _ _ _ _ _ _ _ _ _ _ _ _ _ _ _ _ _ _ _ _ _ _ _ _ _ _ _ _ _ _ _ _ _ \npages/home_page.py:25: in select_gemma3\n    self.click(self.GEMMA3)\npages/base_page.py:10: in click\n    self.wait.until(EC.element_to_be_clickable(locator)).click()\n    ^^^^^^^^^^^^^^^^^^^^^^^^^^^^^^^^^^^^^^^^^^^^^^^^^^^^\n_ _ _ _ _ _ _ _ _ _ _ _ _ _ _ _ _ _ _ _ _ _ _ _ _ _ _ _ _ _ _ _ _ _ _ _ _ _ _ _ \n\nself = <selenium.webdriver.support.wait.WebDriverWait (session=\"76f90337-3ac5-4964-94c2-f4c865b836a4\")>\nmethod = <function element_to_be_clickable.<locals>._predicate at 0x7ff290750ae0>\nmessage = ''\n\n    def until(self, method: Callable[[D], Union[Literal[False], T]], message: str = \"\") -> T:\n        \"\"\"Wait until the method returns a value that is not False.\n    \n        Calls the method provided with the driver as an argument until the\n        return value does not evaluate to ``False``.\n    \n        Parameters:\n        -----------\n        method: callable(WebDriver)\n            - A callable object that takes a WebDriver instance as an argument.\n    \n        message: str\n            - Optional message for :exc:`TimeoutException`\n    \n        Return:\n        -------\n        object: T\n            - The result of the last call to `method`\n    \n        Raises:\n        -------\n        TimeoutException\n            - If 'method' does not return a truthy value within the WebDriverWait\n            object's timeout\n    \n        Example:\n        --------\n        >>> from selenium.webdriver.common.by import By\n        >>> from selenium.webdriver.support.ui import WebDriverWait\n        >>> from selenium.webdriver.support import expected_conditions as EC\n    \n        # Wait until an element is visible on the page\n        >>> wait = WebDriverWait(driver, 10)\n        >>> element = wait.until(EC.visibility_of_element_located((By.ID, \"exampleId\")))\n        >>> print(element.text)\n        \"\"\"\n        screen = None\n        stacktrace = None\n    \n        end_time = time.monotonic() + self._timeout\n        while True:\n            try:\n                value = method(self._driver)\n                if value:\n                    return value\n            except self._ignored_exceptions as exc:\n                screen = getattr(exc, \"screen\", None)\n                stacktrace = getattr(exc, \"stacktrace\", None)\n            if time.monotonic() > end_time:\n                break\n            time.sleep(self._poll)\n>       raise TimeoutException(message, screen, stacktrace)\nE       selenium.common.exceptions.TimeoutException: Message: \nE       Stacktrace:\nE       RemoteError@chrome://remote/content/shared/RemoteError.sys.mjs:8:8\nE       WebDriverError@chrome://remote/content/shared/webdriver/Errors.sys.mjs:199:5\nE       NoSuchElementError@chrome://remote/content/shared/webdriver/Errors.sys.mjs:552:5\nE       dom.find/</<@chrome://remote/content/shared/DOM.sys.mjs:136:16\n\n/opt/hostedtoolcache/Python/3.11.13/x64/lib/python3.11/site-packages/selenium/webdriver/support/wait.py:138: TimeoutException","flaky":false,"newFailed":false,"newBroken":false,"newPassed":false,"retriesCount":5,"retriesStatusChange":false,"beforeStages":[{"name":"_unittest_setUpClass_fixture_ExampleTestCase","time":{"start":1757408310006,"stop":1757408310006,"duration":0},"status":"passed","steps":[],"attachments":[],"parameters":[],"stepsCount":0,"shouldDisplayMessage":false,"attachmentsCount":0,"hasContent":false,"attachmentStep":false}],"afterStages":[{"name":"_unittest_setUpClass_fixture_ExampleTestCase::0","time":{"start":1757408340713,"stop":1757408340714,"duration":1},"status":"passed","steps":[],"attachments":[],"parameters":[],"stepsCount":0,"shouldDisplayMessage":false,"attachmentsCount":0,"hasContent":false,"attachmentStep":false}],"labels":[{"name":"parentSuite","value":"tests"},{"name":"suite","value":"test_example"},{"name":"subSuite","value":"ExampleTestCase"},{"name":"host","value":"pkrvm7jw40e0xgp"},{"name":"thread","value":"2626-MainThread"},{"name":"framework","value":"pytest"},{"name":"language","value":"cpython3"},{"name":"package","value":"tests.test_example"},{"name":"resultFormat","value":"allure2"}],"parameters":[],"links":[],"hidden":false,"retry":false,"extra":{"severity":"normal","retries":[{"uid":"72d35f6a78393e33","status":"broken","statusDetails":"selenium.common.exceptions.TimeoutException: Message: \nStacktrace:\n#0 0x5567086f194a <unknown>\n#1 0x5567081668a0 <unknown>\n#2 0x5567081b8540 <unknown>\n#3 0x5567081b8731 <unknown>\n#4 0x556708206824 <unknown>\n#5 0x5567081de05d <unknown>\n#6 0x556708203c23 <unknown>\n#7 0x5567081dde03 <unknown>\n#8 0x5567081aa968 <unknown>\n#9 0x5567081ab5e1 <unknown>\n#10 0x5567086b5548 <unknown>\n#11 0x5567086b9272 <unknown>\n#12 0x55670869c313 <unknown>\n#13 0x5567086b9dc5 <unknown>\n#14 0x55670868149f <unknown>\n#15 0x5567086de158 <unknown>\n#16 0x5567086de332 <unknown>\n#17 0x5567086f0a53 <unknown>\n#18 0x7fbd7ce9caa4 <unknown>\n#19 0x7fbd7cf29c3c <unknown>","time":{"start":1757408315335,"stop":1757408327146,"duration":11811}},{"uid":"e487c757c90048c7","status":"broken","statusDetails":"selenium.common.exceptions.TimeoutException: Message: \nStacktrace:\nRemoteError@chrome://remote/content/shared/RemoteError.sys.mjs:8:8\nWebDriverError@chrome://remote/content/shared/webdriver/Errors.sys.mjs:199:5\nNoSuchElementError@chrome://remote/content/shared/webdriver/Errors.sys.mjs:552:5\ndom.find/</<@chrome://remote/content/shared/DOM.sys.mjs:136:16","time":{"start":1757408314503,"stop":1757408327816,"duration":13313}},{"uid":"f0843c5e8c43b0d0","status":"broken","statusDetails":"selenium.common.exceptions.TimeoutException: Message: \nStacktrace:\n#0 0x55ce05a6b94a <unknown>\n#1 0x55ce054e08a0 <unknown>\n#2 0x55ce05532540 <unknown>\n#3 0x55ce05532731 <unknown>\n#4 0x55ce05580824 <unknown>\n#5 0x55ce0555805d <unknown>\n#6 0x55ce0557dc23 <unknown>\n#7 0x55ce05557e03 <unknown>\n#8 0x55ce05524968 <unknown>\n#9 0x55ce055255e1 <unknown>\n#10 0x55ce05a2f548 <unknown>\n#11 0x55ce05a33272 <unknown>\n#12 0x55ce05a16313 <unknown>\n#13 0x55ce05a33dc5 <unknown>\n#14 0x55ce059fb49f <unknown>\n#15 0x55ce05a58158 <unknown>\n#16 0x55ce05a58332 <unknown>\n#17 0x55ce05a6aa53 <unknown>\n#18 0x7fc3aba9caa4 <unknown>\n#19 0x7fc3abb29c3c <unknown>","time":{"start":1757408313594,"stop":1757408325306,"duration":11712}},{"uid":"de466d8555ce861f","status":"broken","statusDetails":"selenium.common.exceptions.TimeoutException: Message: \nStacktrace:\nRemoteError@chrome://remote/content/shared/RemoteError.sys.mjs:8:8\nWebDriverError@chrome://remote/content/shared/webdriver/Errors.sys.mjs:199:5\nNoSuchElementError@chrome://remote/content/shared/webdriver/Errors.sys.mjs:552:5\ndom.find/</<@chrome://remote/content/shared/DOM.sys.mjs:136:16","time":{"start":1757408312897,"stop":1757408326972,"duration":14075}},{"uid":"ceaf9df47aceba50","status":"broken","statusDetails":"selenium.common.exceptions.TimeoutException: Message: \nStacktrace:\n#0 0x55b996f6908a <unknown>\n#1 0x55b996a08a70 <unknown>\n#2 0x55b996a5a907 <unknown>\n#3 0x55b996a5ab01 <unknown>\n#4 0x55b996aa8d54 <unknown>\n#5 0x55b996a8040d <unknown>\n#6 0x55b996aa614f <unknown>\n#7 0x55b996a801b3 <unknown>\n#8 0x55b996a4c59b <unknown>\n#9 0x55b996a4d971 <unknown>\n#10 0x55b996f2e25b <unknown>\n#11 0x55b996f31fa9 <unknown>\n#12 0x55b996f15339 <unknown>\n#13 0x55b996f32b58 <unknown>\n#14 0x55b996ef9c1f <unknown>\n#15 0x55b996f56118 <unknown>\n#16 0x55b996f562f6 <unknown>\n#17 0x55b996f68066 <unknown>\n#18 0x7f3428c9caa4 <unknown>\n#19 0x7f3428d29c3c <unknown>","time":{"start":1757408312470,"stop":1757408324801,"duration":12331}}],"categories":[{"name":"Test defects","matchedStatuses":[],"flaky":false}],"tags":[]},"source":"1850527528024765.json","parameterValues":[]}