{"uid":"204b654169df0850","name":"test_change_name","fullName":"tests.test_example.ExampleTestCase#test_change_name","historyId":"401c7467121e7dc775efa0719d6717a6","time":{"start":1757408310006,"stop":1757408324703,"duration":14697},"status":"broken","statusMessage":"selenium.common.exceptions.TimeoutException: Message: \nStacktrace:\nRemoteError@chrome://remote/content/shared/RemoteError.sys.mjs:8:8\nWebDriverError@chrome://remote/content/shared/webdriver/Errors.sys.mjs:199:5\nNoSuchElementError@chrome://remote/content/shared/webdriver/Errors.sys.mjs:552:5\ndom.find/</<@chrome://remote/content/shared/DOM.sys.mjs:136:16","statusTrace":"self = <test_example.ExampleTestCase testMethod=test_change_name>\n\n    def test_change_name(self):\n        self.home.open(OLLAMA_URL)\n        if self.driver.get_window_size()['width'] < 768:\n            self.home.open_profile_settings_mobile()\n            self.settings.change_name(\"Tameer\")\n            self.home.open_menu()\n            self.assertEqual(self.settings.get_name_mobile(\"Tameer\"), \"Tameer\")\n    \n        else:\n>           self.home.open_profile_settings()\n\ntests/test_example.py:44: \n_ _ _ _ _ _ _ _ _ _ _ _ _ _ _ _ _ _ _ _ _ _ _ _ _ _ _ _ _ _ _ _ _ _ _ _ _ _ _ _ \npages/home_page.py:38: in open_profile_settings\n    self.click(self.PROFILE_BTN_DESKTOP)\npages/base_page.py:10: in click\n    self.wait.until(EC.element_to_be_clickable(locator)).click()\n    ^^^^^^^^^^^^^^^^^^^^^^^^^^^^^^^^^^^^^^^^^^^^^^^^^^^^\n_ _ _ _ _ _ _ _ _ _ _ _ _ _ _ _ _ _ _ _ _ _ _ _ _ _ _ _ _ _ _ _ _ _ _ _ _ _ _ _ \n\nself = <selenium.webdriver.support.wait.WebDriverWait (session=\"465de6a8-feed-4bb4-94ca-100d7b413615\")>\nmethod = <function element_to_be_clickable.<locals>._predicate at 0x7ff290ee58a0>\nmessage = ''\n\n    def until(self, method: Callable[[D], Union[Literal[False], T]], message: str = \"\") -> T:\n        \"\"\"Wait until the method returns a value that is not False.\n    \n        Calls the method provided with the driver as an argument until the\n        return value does not evaluate to ``False``.\n    \n        Parameters:\n        -----------\n        method: callable(WebDriver)\n            - A callable object that takes a WebDriver instance as an argument.\n    \n        message: str\n            - Optional message for :exc:`TimeoutException`\n    \n        Return:\n        -------\n        object: T\n            - The result of the last call to `method`\n    \n        Raises:\n        -------\n        TimeoutException\n            - If 'method' does not return a truthy value within the WebDriverWait\n            object's timeout\n    \n        Example:\n        --------\n        >>> from selenium.webdriver.common.by import By\n        >>> from selenium.webdriver.support.ui import WebDriverWait\n        >>> from selenium.webdriver.support import expected_conditions as EC\n    \n        # Wait until an element is visible on the page\n        >>> wait = WebDriverWait(driver, 10)\n        >>> element = wait.until(EC.visibility_of_element_located((By.ID, \"exampleId\")))\n        >>> print(element.text)\n        \"\"\"\n        screen = None\n        stacktrace = None\n    \n        end_time = time.monotonic() + self._timeout\n        while True:\n            try:\n                value = method(self._driver)\n                if value:\n                    return value\n            except self._ignored_exceptions as exc:\n                screen = getattr(exc, \"screen\", None)\n                stacktrace = getattr(exc, \"stacktrace\", None)\n            if time.monotonic() > end_time:\n                break\n            time.sleep(self._poll)\n>       raise TimeoutException(message, screen, stacktrace)\nE       selenium.common.exceptions.TimeoutException: Message: \nE       Stacktrace:\nE       RemoteError@chrome://remote/content/shared/RemoteError.sys.mjs:8:8\nE       WebDriverError@chrome://remote/content/shared/webdriver/Errors.sys.mjs:199:5\nE       NoSuchElementError@chrome://remote/content/shared/webdriver/Errors.sys.mjs:552:5\nE       dom.find/</<@chrome://remote/content/shared/DOM.sys.mjs:136:16\n\n/opt/hostedtoolcache/Python/3.11.13/x64/lib/python3.11/site-packages/selenium/webdriver/support/wait.py:138: TimeoutException","flaky":false,"newFailed":false,"newBroken":false,"newPassed":false,"retriesCount":5,"retriesStatusChange":true,"beforeStages":[{"name":"_unittest_setUpClass_fixture_ExampleTestCase","time":{"start":1757408310006,"stop":1757408310006,"duration":0},"status":"passed","steps":[],"attachments":[],"parameters":[],"stepsCount":0,"shouldDisplayMessage":false,"attachmentsCount":0,"hasContent":false,"attachmentStep":false}],"afterStages":[{"name":"_unittest_setUpClass_fixture_ExampleTestCase::0","time":{"start":1757408340713,"stop":1757408340714,"duration":1},"status":"passed","steps":[],"attachments":[],"parameters":[],"stepsCount":0,"shouldDisplayMessage":false,"attachmentsCount":0,"hasContent":false,"attachmentStep":false}],"labels":[{"name":"parentSuite","value":"tests"},{"name":"suite","value":"test_example"},{"name":"subSuite","value":"ExampleTestCase"},{"name":"host","value":"pkrvm7jw40e0xgp"},{"name":"thread","value":"2626-MainThread"},{"name":"framework","value":"pytest"},{"name":"language","value":"cpython3"},{"name":"package","value":"tests.test_example"},{"name":"resultFormat","value":"allure2"}],"parameters":[],"links":[],"hidden":false,"retry":false,"extra":{"severity":"normal","retries":[{"uid":"22b1919dd5a473ad","status":"passed","time":{"start":1757408303924,"stop":1757408309402,"duration":5478}},{"uid":"39dcbc65e09b2c63","status":"passed","time":{"start":1757408300401,"stop":1757408310791,"duration":10390}},{"uid":"342eb64f2dcd8869","status":"broken","statusDetails":"selenium.common.exceptions.TimeoutException: Message: \nStacktrace:\nRemoteError@chrome://remote/content/shared/RemoteError.sys.mjs:8:8\nWebDriverError@chrome://remote/content/shared/webdriver/Errors.sys.mjs:199:5\nNoSuchElementError@chrome://remote/content/shared/webdriver/Errors.sys.mjs:552:5\ndom.find/</<@chrome://remote/content/shared/DOM.sys.mjs:136:16","time":{"start":1757408298548,"stop":1757408311836,"duration":13288}},{"uid":"6eff450311adaee4","status":"broken","statusDetails":"selenium.common.exceptions.TimeoutException: Message: \nStacktrace:\n#0 0x55d18c19094a <unknown>\n#1 0x55d18bc058a0 <unknown>\n#2 0x55d18bc57540 <unknown>\n#3 0x55d18bc57731 <unknown>\n#4 0x55d18bca5824 <unknown>\n#5 0x55d18bc7d05d <unknown>\n#6 0x55d18bca2c23 <unknown>\n#7 0x55d18bc7ce03 <unknown>\n#8 0x55d18bc49968 <unknown>\n#9 0x55d18bc4a5e1 <unknown>\n#10 0x55d18c154548 <unknown>\n#11 0x55d18c158272 <unknown>\n#12 0x55d18c13b313 <unknown>\n#13 0x55d18c158dc5 <unknown>\n#14 0x55d18c12049f <unknown>\n#15 0x55d18c17d158 <unknown>\n#16 0x55d18c17d332 <unknown>\n#17 0x55d18c18fa53 <unknown>\n#18 0x7faf9ae9caa4 <unknown>\n#19 0x7faf9af29c3c <unknown>","time":{"start":1757408294641,"stop":1757408314286,"duration":19645}},{"uid":"d6f0ff29bcef02aa","status":"broken","statusDetails":"selenium.common.exceptions.TimeoutException: Message: \nStacktrace:\n#0 0x55ec97bba94a <unknown>\n#1 0x55ec9762f8a0 <unknown>\n#2 0x55ec97681540 <unknown>\n#3 0x55ec97681731 <unknown>\n#4 0x55ec976cf824 <unknown>\n#5 0x55ec976a705d <unknown>\n#6 0x55ec976ccc23 <unknown>\n#7 0x55ec976a6e03 <unknown>\n#8 0x55ec97673968 <unknown>\n#9 0x55ec976745e1 <unknown>\n#10 0x55ec97b7e548 <unknown>\n#11 0x55ec97b82272 <unknown>\n#12 0x55ec97b65313 <unknown>\n#13 0x55ec97b82dc5 <unknown>\n#14 0x55ec97b4a49f <unknown>\n#15 0x55ec97ba7158 <unknown>\n#16 0x55ec97ba7332 <unknown>\n#17 0x55ec97bb9a53 <unknown>\n#18 0x7f653189caa4 <unknown>\n#19 0x7f6531929c3c <unknown>","time":{"start":1757408291600,"stop":1757408312624,"duration":21024}}],"categories":[{"name":"Test defects","matchedStatuses":[],"flaky":false}],"tags":[]},"source":"204b654169df0850.json","parameterValues":[]}