{"uid":"f0843c5e8c43b0d0","name":"test_send_message","fullName":"tests.test_example.ExampleTestCase#test_send_message","historyId":"3bc4f3765c9b31fcf733254dd25c049d","time":{"start":1757408313594,"stop":1757408325306,"duration":11712},"status":"broken","statusMessage":"selenium.common.exceptions.TimeoutException: Message: \nStacktrace:\n#0 0x55ce05a6b94a <unknown>\n#1 0x55ce054e08a0 <unknown>\n#2 0x55ce05532540 <unknown>\n#3 0x55ce05532731 <unknown>\n#4 0x55ce05580824 <unknown>\n#5 0x55ce0555805d <unknown>\n#6 0x55ce0557dc23 <unknown>\n#7 0x55ce05557e03 <unknown>\n#8 0x55ce05524968 <unknown>\n#9 0x55ce055255e1 <unknown>\n#10 0x55ce05a2f548 <unknown>\n#11 0x55ce05a33272 <unknown>\n#12 0x55ce05a16313 <unknown>\n#13 0x55ce05a33dc5 <unknown>\n#14 0x55ce059fb49f <unknown>\n#15 0x55ce05a58158 <unknown>\n#16 0x55ce05a58332 <unknown>\n#17 0x55ce05a6aa53 <unknown>\n#18 0x7fc3aba9caa4 <unknown>\n#19 0x7fc3abb29c3c <unknown>","statusTrace":"self = <test_example.ExampleTestCase testMethod=test_send_message>\n\n    def test_send_message(self):\n        self.home.open(OLLAMA_URL)\n>       self.home.select_gemma3()\n\ntests/test_example.py:30: \n_ _ _ _ _ _ _ _ _ _ _ _ _ _ _ _ _ _ _ _ _ _ _ _ _ _ _ _ _ _ _ _ _ _ _ _ _ _ _ _ \npages/home_page.py:25: in select_gemma3\n    self.click(self.GEMMA3)\npages/base_page.py:10: in click\n    self.wait.until(EC.element_to_be_clickable(locator)).click()\n    ^^^^^^^^^^^^^^^^^^^^^^^^^^^^^^^^^^^^^^^^^^^^^^^^^^^^\n_ _ _ _ _ _ _ _ _ _ _ _ _ _ _ _ _ _ _ _ _ _ _ _ _ _ _ _ _ _ _ _ _ _ _ _ _ _ _ _ \n\nself = <selenium.webdriver.support.wait.WebDriverWait (session=\"07cd361e331e78dae04cff361de5da5f\")>\nmethod = <function element_to_be_clickable.<locals>._predicate at 0x7fd7b9e249a0>\nmessage = ''\n\n    def until(self, method: Callable[[D], Union[Literal[False], T]], message: str = \"\") -> T:\n        \"\"\"Wait until the method returns a value that is not False.\n    \n        Calls the method provided with the driver as an argument until the\n        return value does not evaluate to ``False``.\n    \n        Parameters:\n        -----------\n        method: callable(WebDriver)\n            - A callable object that takes a WebDriver instance as an argument.\n    \n        message: str\n            - Optional message for :exc:`TimeoutException`\n    \n        Return:\n        -------\n        object: T\n            - The result of the last call to `method`\n    \n        Raises:\n        -------\n        TimeoutException\n            - If 'method' does not return a truthy value within the WebDriverWait\n            object's timeout\n    \n        Example:\n        --------\n        >>> from selenium.webdriver.common.by import By\n        >>> from selenium.webdriver.support.ui import WebDriverWait\n        >>> from selenium.webdriver.support import expected_conditions as EC\n    \n        # Wait until an element is visible on the page\n        >>> wait = WebDriverWait(driver, 10)\n        >>> element = wait.until(EC.visibility_of_element_located((By.ID, \"exampleId\")))\n        >>> print(element.text)\n        \"\"\"\n        screen = None\n        stacktrace = None\n    \n        end_time = time.monotonic() + self._timeout\n        while True:\n            try:\n                value = method(self._driver)\n                if value:\n                    return value\n            except self._ignored_exceptions as exc:\n                screen = getattr(exc, \"screen\", None)\n                stacktrace = getattr(exc, \"stacktrace\", None)\n            if time.monotonic() > end_time:\n                break\n            time.sleep(self._poll)\n>       raise TimeoutException(message, screen, stacktrace)\nE       selenium.common.exceptions.TimeoutException: Message: \nE       Stacktrace:\nE       #0 0x55ce05a6b94a <unknown>\nE       #1 0x55ce054e08a0 <unknown>\nE       #2 0x55ce05532540 <unknown>\nE       #3 0x55ce05532731 <unknown>\nE       #4 0x55ce05580824 <unknown>\nE       #5 0x55ce0555805d <unknown>\nE       #6 0x55ce0557dc23 <unknown>\nE       #7 0x55ce05557e03 <unknown>\nE       #8 0x55ce05524968 <unknown>\nE       #9 0x55ce055255e1 <unknown>\nE       #10 0x55ce05a2f548 <unknown>\nE       #11 0x55ce05a33272 <unknown>\nE       #12 0x55ce05a16313 <unknown>\nE       #13 0x55ce05a33dc5 <unknown>\nE       #14 0x55ce059fb49f <unknown>\nE       #15 0x55ce05a58158 <unknown>\nE       #16 0x55ce05a58332 <unknown>\nE       #17 0x55ce05a6aa53 <unknown>\nE       #18 0x7fc3aba9caa4 <unknown>\nE       #19 0x7fc3abb29c3c <unknown>\n\n/opt/hostedtoolcache/Python/3.11.13/x64/lib/python3.11/site-packages/selenium/webdriver/support/wait.py:138: TimeoutException","flaky":false,"newFailed":false,"newBroken":false,"newPassed":false,"retriesCount":0,"retriesStatusChange":false,"beforeStages":[{"name":"_unittest_setUpClass_fixture_ExampleTestCase","time":{"start":1757408291600,"stop":1757408291600,"duration":0},"status":"passed","steps":[],"attachments":[],"parameters":[],"stepsCount":0,"shouldDisplayMessage":false,"attachmentsCount":0,"hasContent":false,"attachmentStep":false}],"afterStages":[{"name":"_unittest_setUpClass_fixture_ExampleTestCase::0","time":{"start":1757408325312,"stop":1757408325312,"duration":0},"status":"passed","steps":[],"attachments":[],"parameters":[],"stepsCount":0,"shouldDisplayMessage":false,"attachmentsCount":0,"hasContent":false,"attachmentStep":false}],"labels":[{"name":"parentSuite","value":"tests"},{"name":"suite","value":"test_example"},{"name":"subSuite","value":"ExampleTestCase"},{"name":"host","value":"runnervmf4ws1"},{"name":"thread","value":"2549-MainThread"},{"name":"framework","value":"pytest"},{"name":"language","value":"cpython3"},{"name":"package","value":"tests.test_example"},{"name":"resultFormat","value":"allure2"}],"parameters":[],"links":[],"hidden":true,"retry":true,"extra":{"categories":[],"tags":[]},"source":"f0843c5e8c43b0d0.json","parameterValues":[]}