{"uid":"36134762a4033230","name":"test_change_name","fullName":"tests.test_example.ExampleTestCase#test_change_name","historyId":"401c7467121e7dc775efa0719d6717a6","time":{"start":1757405083078,"stop":1757405097288,"duration":14210},"status":"broken","statusMessage":"selenium.common.exceptions.TimeoutException: Message: \nStacktrace:\nRemoteError@chrome://remote/content/shared/RemoteError.sys.mjs:8:8\nWebDriverError@chrome://remote/content/shared/webdriver/Errors.sys.mjs:199:5\nNoSuchElementError@chrome://remote/content/shared/webdriver/Errors.sys.mjs:552:5\ndom.find/</<@chrome://remote/content/shared/DOM.sys.mjs:136:16","statusTrace":"self = <test_example.ExampleTestCase testMethod=test_change_name>\n\n    def test_change_name(self):\n        self.home.open(OLLAMA_URL)\n        if self.driver.get_window_size()['width'] < 768:\n            self.home.open_profile_settings_mobile()\n            self.settings.change_name(\"Tameer\")\n            self.home.open_menu()\n            self.assertEqual(self.settings.get_name_mobile(\"Tameer\"), \"Tameer\")\n    \n        else:\n>           self.home.open_profile_settings()\n\ntests/test_example.py:44: \n_ _ _ _ _ _ _ _ _ _ _ _ _ _ _ _ _ _ _ _ _ _ _ _ _ _ _ _ _ _ _ _ _ _ _ _ _ _ _ _ \npages/home_page.py:38: in open_profile_settings\n    self.click(self.PROFILE_BTN_DESKTOP)\npages/base_page.py:10: in click\n    self.wait.until(EC.element_to_be_clickable(locator)).click()\n    ^^^^^^^^^^^^^^^^^^^^^^^^^^^^^^^^^^^^^^^^^^^^^^^^^^^^\n_ _ _ _ _ _ _ _ _ _ _ _ _ _ _ _ _ _ _ _ _ _ _ _ _ _ _ _ _ _ _ _ _ _ _ _ _ _ _ _ \n\nself = <selenium.webdriver.support.wait.WebDriverWait (session=\"6950c4e3-f59c-42a7-9ee2-204649cbe3cc\")>\nmethod = <function element_to_be_clickable.<locals>._predicate at 0x7f6b73ee98a0>\nmessage = ''\n\n    def until(self, method: Callable[[D], Union[Literal[False], T]], message: str = \"\") -> T:\n        \"\"\"Wait until the method returns a value that is not False.\n    \n        Calls the method provided with the driver as an argument until the\n        return value does not evaluate to ``False``.\n    \n        Parameters:\n        -----------\n        method: callable(WebDriver)\n            - A callable object that takes a WebDriver instance as an argument.\n    \n        message: str\n            - Optional message for :exc:`TimeoutException`\n    \n        Return:\n        -------\n        object: T\n            - The result of the last call to `method`\n    \n        Raises:\n        -------\n        TimeoutException\n            - If 'method' does not return a truthy value within the WebDriverWait\n            object's timeout\n    \n        Example:\n        --------\n        >>> from selenium.webdriver.common.by import By\n        >>> from selenium.webdriver.support.ui import WebDriverWait\n        >>> from selenium.webdriver.support import expected_conditions as EC\n    \n        # Wait until an element is visible on the page\n        >>> wait = WebDriverWait(driver, 10)\n        >>> element = wait.until(EC.visibility_of_element_located((By.ID, \"exampleId\")))\n        >>> print(element.text)\n        \"\"\"\n        screen = None\n        stacktrace = None\n    \n        end_time = time.monotonic() + self._timeout\n        while True:\n            try:\n                value = method(self._driver)\n                if value:\n                    return value\n            except self._ignored_exceptions as exc:\n                screen = getattr(exc, \"screen\", None)\n                stacktrace = getattr(exc, \"stacktrace\", None)\n            if time.monotonic() > end_time:\n                break\n            time.sleep(self._poll)\n>       raise TimeoutException(message, screen, stacktrace)\nE       selenium.common.exceptions.TimeoutException: Message: \nE       Stacktrace:\nE       RemoteError@chrome://remote/content/shared/RemoteError.sys.mjs:8:8\nE       WebDriverError@chrome://remote/content/shared/webdriver/Errors.sys.mjs:199:5\nE       NoSuchElementError@chrome://remote/content/shared/webdriver/Errors.sys.mjs:552:5\nE       dom.find/</<@chrome://remote/content/shared/DOM.sys.mjs:136:16\n\n/opt/hostedtoolcache/Python/3.11.13/x64/lib/python3.11/site-packages/selenium/webdriver/support/wait.py:138: TimeoutException","flaky":false,"newFailed":false,"newBroken":false,"newPassed":false,"retriesCount":5,"retriesStatusChange":true,"beforeStages":[{"name":"_unittest_setUpClass_fixture_ExampleTestCase","time":{"start":1757405083077,"stop":1757405083077,"duration":0},"status":"passed","steps":[],"attachments":[],"parameters":[],"stepsCount":0,"shouldDisplayMessage":false,"attachmentsCount":0,"hasContent":false,"attachmentStep":false}],"afterStages":[{"name":"_unittest_setUpClass_fixture_ExampleTestCase::0","time":{"start":1757405113362,"stop":1757405113362,"duration":0},"status":"passed","steps":[],"attachments":[],"parameters":[],"stepsCount":0,"shouldDisplayMessage":false,"attachmentsCount":0,"hasContent":false,"attachmentStep":false}],"labels":[{"name":"parentSuite","value":"tests"},{"name":"suite","value":"test_example"},{"name":"subSuite","value":"ExampleTestCase"},{"name":"host","value":"runnervmf4ws1"},{"name":"thread","value":"2633-MainThread"},{"name":"framework","value":"pytest"},{"name":"language","value":"cpython3"},{"name":"package","value":"tests.test_example"},{"name":"resultFormat","value":"allure2"}],"parameters":[],"links":[],"hidden":false,"retry":false,"extra":{"severity":"normal","retries":[{"uid":"3a9772895a7c4f95","status":"broken","statusDetails":"selenium.common.exceptions.TimeoutException: Message: \nStacktrace:\nRemoteError@chrome://remote/content/shared/RemoteError.sys.mjs:8:8\nWebDriverError@chrome://remote/content/shared/webdriver/Errors.sys.mjs:199:5\nNoSuchElementError@chrome://remote/content/shared/webdriver/Errors.sys.mjs:552:5\ndom.find/</<@chrome://remote/content/shared/DOM.sys.mjs:136:16","time":{"start":1757405081506,"stop":1757405095645,"duration":14139}},{"uid":"6c24f3dc7857f08a","status":"broken","statusDetails":"selenium.common.exceptions.TimeoutException: Message: \nStacktrace:\n#0 0x55e12429308a <unknown>\n#1 0x55e123d32a70 <unknown>\n#2 0x55e123d84907 <unknown>\n#3 0x55e123d84b01 <unknown>\n#4 0x55e123dd2d54 <unknown>\n#5 0x55e123daa40d <unknown>\n#6 0x55e123dd014f <unknown>\n#7 0x55e123daa1b3 <unknown>\n#8 0x55e123d7659b <unknown>\n#9 0x55e123d77971 <unknown>\n#10 0x55e12425825b <unknown>\n#11 0x55e12425bfa9 <unknown>\n#12 0x55e12423f339 <unknown>\n#13 0x55e12425cb58 <unknown>\n#14 0x55e124223c1f <unknown>\n#15 0x55e124280118 <unknown>\n#16 0x55e1242802f6 <unknown>\n#17 0x55e124292066 <unknown>\n#18 0x7f088289caa4 <unknown>\n#19 0x7f0882929c3c <unknown>","time":{"start":1757405079365,"stop":1757405107591,"duration":28226}},{"uid":"80cb224fc88ca541","status":"passed","time":{"start":1757405075457,"stop":1757405081659,"duration":6202}},{"uid":"1f0288ff3a1ea492","status":"broken","statusDetails":"selenium.common.exceptions.TimeoutException: Message: \nStacktrace:\n#0 0x563f36f6408a <unknown>\n#1 0x563f36a03a70 <unknown>\n#2 0x563f36a55907 <unknown>\n#3 0x563f36a55b01 <unknown>\n#4 0x563f36aa3d54 <unknown>\n#5 0x563f36a7b40d <unknown>\n#6 0x563f36aa114f <unknown>\n#7 0x563f36a7b1b3 <unknown>\n#8 0x563f36a4759b <unknown>\n#9 0x563f36a48971 <unknown>\n#10 0x563f36f2925b <unknown>\n#11 0x563f36f2cfa9 <unknown>\n#12 0x563f36f10339 <unknown>\n#13 0x563f36f2db58 <unknown>\n#14 0x563f36ef4c1f <unknown>\n#15 0x563f36f51118 <unknown>\n#16 0x563f36f512f6 <unknown>\n#17 0x563f36f63066 <unknown>\n#18 0x7fbcb849caa4 <unknown>\n#19 0x7fbcb8529c3c <unknown>","time":{"start":1757405071199,"stop":1757405089653,"duration":18454}},{"uid":"92531e6930e2491c","status":"passed","time":{"start":1757405071000,"stop":1757405086901,"duration":15901}}],"categories":[{"name":"Test defects","matchedStatuses":[],"flaky":false}],"tags":[]},"source":"36134762a4033230.json","parameterValues":[]}