{"uid":"8903a5259a83e80f","name":"test_send_message","fullName":"tests.test_example.ExampleTestCase#test_send_message","historyId":"3bc4f3765c9b31fcf733254dd25c049d","time":{"start":1757405087983,"stop":1757405099733,"duration":11750},"status":"broken","statusMessage":"selenium.common.exceptions.TimeoutException: Message: \nStacktrace:\n#0 0x562c8fd5908a <unknown>\n#1 0x562c8f7f8a70 <unknown>\n#2 0x562c8f84a907 <unknown>\n#3 0x562c8f84ab01 <unknown>\n#4 0x562c8f898d54 <unknown>\n#5 0x562c8f87040d <unknown>\n#6 0x562c8f89614f <unknown>\n#7 0x562c8f8701b3 <unknown>\n#8 0x562c8f83c59b <unknown>\n#9 0x562c8f83d971 <unknown>\n#10 0x562c8fd1e25b <unknown>\n#11 0x562c8fd21fa9 <unknown>\n#12 0x562c8fd05339 <unknown>\n#13 0x562c8fd22b58 <unknown>\n#14 0x562c8fce9c1f <unknown>\n#15 0x562c8fd46118 <unknown>\n#16 0x562c8fd462f6 <unknown>\n#17 0x562c8fd58066 <unknown>\n#18 0x7fc19809caa4 <unknown>\n#19 0x7fc198129c3c <unknown>","statusTrace":"self = <test_example.ExampleTestCase testMethod=test_send_message>\n\n    def test_send_message(self):\n        self.home.open(OLLAMA_URL)\n>       self.home.select_gemma3()\n\ntests/test_example.py:30: \n_ _ _ _ _ _ _ _ _ _ _ _ _ _ _ _ _ _ _ _ _ _ _ _ _ _ _ _ _ _ _ _ _ _ _ _ _ _ _ _ \npages/home_page.py:25: in select_gemma3\n    self.click(self.GEMMA3)\npages/base_page.py:10: in click\n    self.wait.until(EC.element_to_be_clickable(locator)).click()\n    ^^^^^^^^^^^^^^^^^^^^^^^^^^^^^^^^^^^^^^^^^^^^^^^^^^^^\n_ _ _ _ _ _ _ _ _ _ _ _ _ _ _ _ _ _ _ _ _ _ _ _ _ _ _ _ _ _ _ _ _ _ _ _ _ _ _ _ \n\nself = <selenium.webdriver.support.wait.WebDriverWait (session=\"1206f694740fe1bb40345afc919d3a85\")>\nmethod = <function element_to_be_clickable.<locals>._predicate at 0x7fef5211b100>\nmessage = ''\n\n    def until(self, method: Callable[[D], Union[Literal[False], T]], message: str = \"\") -> T:\n        \"\"\"Wait until the method returns a value that is not False.\n    \n        Calls the method provided with the driver as an argument until the\n        return value does not evaluate to ``False``.\n    \n        Parameters:\n        -----------\n        method: callable(WebDriver)\n            - A callable object that takes a WebDriver instance as an argument.\n    \n        message: str\n            - Optional message for :exc:`TimeoutException`\n    \n        Return:\n        -------\n        object: T\n            - The result of the last call to `method`\n    \n        Raises:\n        -------\n        TimeoutException\n            - If 'method' does not return a truthy value within the WebDriverWait\n            object's timeout\n    \n        Example:\n        --------\n        >>> from selenium.webdriver.common.by import By\n        >>> from selenium.webdriver.support.ui import WebDriverWait\n        >>> from selenium.webdriver.support import expected_conditions as EC\n    \n        # Wait until an element is visible on the page\n        >>> wait = WebDriverWait(driver, 10)\n        >>> element = wait.until(EC.visibility_of_element_located((By.ID, \"exampleId\")))\n        >>> print(element.text)\n        \"\"\"\n        screen = None\n        stacktrace = None\n    \n        end_time = time.monotonic() + self._timeout\n        while True:\n            try:\n                value = method(self._driver)\n                if value:\n                    return value\n            except self._ignored_exceptions as exc:\n                screen = getattr(exc, \"screen\", None)\n                stacktrace = getattr(exc, \"stacktrace\", None)\n            if time.monotonic() > end_time:\n                break\n            time.sleep(self._poll)\n>       raise TimeoutException(message, screen, stacktrace)\nE       selenium.common.exceptions.TimeoutException: Message: \nE       Stacktrace:\nE       #0 0x562c8fd5908a <unknown>\nE       #1 0x562c8f7f8a70 <unknown>\nE       #2 0x562c8f84a907 <unknown>\nE       #3 0x562c8f84ab01 <unknown>\nE       #4 0x562c8f898d54 <unknown>\nE       #5 0x562c8f87040d <unknown>\nE       #6 0x562c8f89614f <unknown>\nE       #7 0x562c8f8701b3 <unknown>\nE       #8 0x562c8f83c59b <unknown>\nE       #9 0x562c8f83d971 <unknown>\nE       #10 0x562c8fd1e25b <unknown>\nE       #11 0x562c8fd21fa9 <unknown>\nE       #12 0x562c8fd05339 <unknown>\nE       #13 0x562c8fd22b58 <unknown>\nE       #14 0x562c8fce9c1f <unknown>\nE       #15 0x562c8fd46118 <unknown>\nE       #16 0x562c8fd462f6 <unknown>\nE       #17 0x562c8fd58066 <unknown>\nE       #18 0x7fc19809caa4 <unknown>\nE       #19 0x7fc198129c3c <unknown>\n\n/opt/hostedtoolcache/Python/3.11.13/x64/lib/python3.11/site-packages/selenium/webdriver/support/wait.py:138: TimeoutException","flaky":false,"newFailed":false,"newBroken":false,"newPassed":false,"retriesCount":0,"retriesStatusChange":false,"beforeStages":[{"name":"_unittest_setUpClass_fixture_ExampleTestCase","time":{"start":1757405071000,"stop":1757405071000,"duration":0},"status":"passed","steps":[],"attachments":[],"parameters":[],"stepsCount":0,"shouldDisplayMessage":false,"attachmentsCount":0,"hasContent":false,"attachmentStep":false}],"afterStages":[{"name":"_unittest_setUpClass_fixture_ExampleTestCase::0","time":{"start":1757405099765,"stop":1757405099765,"duration":0},"status":"passed","steps":[],"attachments":[],"parameters":[],"stepsCount":0,"shouldDisplayMessage":false,"attachmentsCount":0,"hasContent":false,"attachmentStep":false}],"labels":[{"name":"parentSuite","value":"tests"},{"name":"suite","value":"test_example"},{"name":"subSuite","value":"ExampleTestCase"},{"name":"host","value":"pkrvm7jw40e0xgp"},{"name":"thread","value":"2580-MainThread"},{"name":"framework","value":"pytest"},{"name":"language","value":"cpython3"},{"name":"package","value":"tests.test_example"},{"name":"resultFormat","value":"allure2"}],"parameters":[],"links":[],"hidden":true,"retry":true,"extra":{"categories":[],"tags":[]},"source":"8903a5259a83e80f.json","parameterValues":[]}