{"uid":"b8c36b3c31f5c28d","name":"test_send_message","fullName":"tests.test_example.ExampleTestCase#test_send_message","historyId":"3bc4f3765c9b31fcf733254dd25c049d","time":{"start":1757405109090,"stop":1757405121548,"duration":12458},"status":"broken","statusMessage":"selenium.common.exceptions.TimeoutException: Message: \nStacktrace:\n#0 0x555e2c4f708a <unknown>\n#1 0x555e2bf96a70 <unknown>\n#2 0x555e2bfe8907 <unknown>\n#3 0x555e2bfe8b01 <unknown>\n#4 0x555e2c036d54 <unknown>\n#5 0x555e2c00e40d <unknown>\n#6 0x555e2c03414f <unknown>\n#7 0x555e2c00e1b3 <unknown>\n#8 0x555e2bfda59b <unknown>\n#9 0x555e2bfdb971 <unknown>\n#10 0x555e2c4bc25b <unknown>\n#11 0x555e2c4bffa9 <unknown>\n#12 0x555e2c4a3339 <unknown>\n#13 0x555e2c4c0b58 <unknown>\n#14 0x555e2c487c1f <unknown>\n#15 0x555e2c4e4118 <unknown>\n#16 0x555e2c4e42f6 <unknown>\n#17 0x555e2c4f6066 <unknown>\n#18 0x7f11c889caa4 <unknown>\n#19 0x7f11c8929c3c <unknown>","statusTrace":"self = <test_example.ExampleTestCase testMethod=test_send_message>\n\n    def test_send_message(self):\n        self.home.open(OLLAMA_URL)\n>       self.home.select_gemma3()\n\ntests/test_example.py:30: \n_ _ _ _ _ _ _ _ _ _ _ _ _ _ _ _ _ _ _ _ _ _ _ _ _ _ _ _ _ _ _ _ _ _ _ _ _ _ _ _ \npages/home_page.py:25: in select_gemma3\n    self.click(self.GEMMA3)\npages/base_page.py:10: in click\n    self.wait.until(EC.element_to_be_clickable(locator)).click()\n    ^^^^^^^^^^^^^^^^^^^^^^^^^^^^^^^^^^^^^^^^^^^^^^^^^^^^\n_ _ _ _ _ _ _ _ _ _ _ _ _ _ _ _ _ _ _ _ _ _ _ _ _ _ _ _ _ _ _ _ _ _ _ _ _ _ _ _ \n\nself = <selenium.webdriver.support.wait.WebDriverWait (session=\"8e608a81b5669c63349aeb81525c9d79\")>\nmethod = <function element_to_be_clickable.<locals>._predicate at 0x7f7455d709a0>\nmessage = ''\n\n    def until(self, method: Callable[[D], Union[Literal[False], T]], message: str = \"\") -> T:\n        \"\"\"Wait until the method returns a value that is not False.\n    \n        Calls the method provided with the driver as an argument until the\n        return value does not evaluate to ``False``.\n    \n        Parameters:\n        -----------\n        method: callable(WebDriver)\n            - A callable object that takes a WebDriver instance as an argument.\n    \n        message: str\n            - Optional message for :exc:`TimeoutException`\n    \n        Return:\n        -------\n        object: T\n            - The result of the last call to `method`\n    \n        Raises:\n        -------\n        TimeoutException\n            - If 'method' does not return a truthy value within the WebDriverWait\n            object's timeout\n    \n        Example:\n        --------\n        >>> from selenium.webdriver.common.by import By\n        >>> from selenium.webdriver.support.ui import WebDriverWait\n        >>> from selenium.webdriver.support import expected_conditions as EC\n    \n        # Wait until an element is visible on the page\n        >>> wait = WebDriverWait(driver, 10)\n        >>> element = wait.until(EC.visibility_of_element_located((By.ID, \"exampleId\")))\n        >>> print(element.text)\n        \"\"\"\n        screen = None\n        stacktrace = None\n    \n        end_time = time.monotonic() + self._timeout\n        while True:\n            try:\n                value = method(self._driver)\n                if value:\n                    return value\n            except self._ignored_exceptions as exc:\n                screen = getattr(exc, \"screen\", None)\n                stacktrace = getattr(exc, \"stacktrace\", None)\n            if time.monotonic() > end_time:\n                break\n            time.sleep(self._poll)\n>       raise TimeoutException(message, screen, stacktrace)\nE       selenium.common.exceptions.TimeoutException: Message: \nE       Stacktrace:\nE       #0 0x555e2c4f708a <unknown>\nE       #1 0x555e2bf96a70 <unknown>\nE       #2 0x555e2bfe8907 <unknown>\nE       #3 0x555e2bfe8b01 <unknown>\nE       #4 0x555e2c036d54 <unknown>\nE       #5 0x555e2c00e40d <unknown>\nE       #6 0x555e2c03414f <unknown>\nE       #7 0x555e2c00e1b3 <unknown>\nE       #8 0x555e2bfda59b <unknown>\nE       #9 0x555e2bfdb971 <unknown>\nE       #10 0x555e2c4bc25b <unknown>\nE       #11 0x555e2c4bffa9 <unknown>\nE       #12 0x555e2c4a3339 <unknown>\nE       #13 0x555e2c4c0b58 <unknown>\nE       #14 0x555e2c487c1f <unknown>\nE       #15 0x555e2c4e4118 <unknown>\nE       #16 0x555e2c4e42f6 <unknown>\nE       #17 0x555e2c4f6066 <unknown>\nE       #18 0x7f11c889caa4 <unknown>\nE       #19 0x7f11c8929c3c <unknown>\n\n/opt/hostedtoolcache/Python/3.11.13/x64/lib/python3.11/site-packages/selenium/webdriver/support/wait.py:138: TimeoutException","flaky":false,"newFailed":false,"newBroken":false,"newPassed":false,"retriesCount":5,"retriesStatusChange":false,"beforeStages":[{"name":"_unittest_setUpClass_fixture_ExampleTestCase","time":{"start":1757405079364,"stop":1757405079364,"duration":0},"status":"passed","steps":[],"attachments":[],"parameters":[],"stepsCount":0,"shouldDisplayMessage":false,"attachmentsCount":0,"hasContent":false,"attachmentStep":false}],"afterStages":[{"name":"_unittest_setUpClass_fixture_ExampleTestCase::0","time":{"start":1757405121553,"stop":1757405121553,"duration":0},"status":"passed","steps":[],"attachments":[],"parameters":[],"stepsCount":0,"shouldDisplayMessage":false,"attachmentsCount":0,"hasContent":false,"attachmentStep":false}],"labels":[{"name":"parentSuite","value":"tests"},{"name":"suite","value":"test_example"},{"name":"subSuite","value":"ExampleTestCase"},{"name":"host","value":"pkrvm7jw40e0xgp"},{"name":"thread","value":"2539-MainThread"},{"name":"framework","value":"pytest"},{"name":"language","value":"cpython3"},{"name":"package","value":"tests.test_example"},{"name":"resultFormat","value":"allure2"}],"parameters":[],"links":[],"hidden":false,"retry":false,"extra":{"severity":"normal","retries":[{"uid":"a40cb6ce3bb3bc17","status":"broken","statusDetails":"selenium.common.exceptions.TimeoutException: Message: \nStacktrace:\nRemoteError@chrome://remote/content/shared/RemoteError.sys.mjs:8:8\nWebDriverError@chrome://remote/content/shared/webdriver/Errors.sys.mjs:199:5\nNoSuchElementError@chrome://remote/content/shared/webdriver/Errors.sys.mjs:552:5\ndom.find/</<@chrome://remote/content/shared/DOM.sys.mjs:136:16","time":{"start":1757405099965,"stop":1757405113357,"duration":13392}},{"uid":"fec4f25d522b33e1","status":"broken","statusDetails":"selenium.common.exceptions.TimeoutException: Message: \nStacktrace:\nRemoteError@chrome://remote/content/shared/RemoteError.sys.mjs:8:8\nWebDriverError@chrome://remote/content/shared/webdriver/Errors.sys.mjs:199:5\nNoSuchElementError@chrome://remote/content/shared/webdriver/Errors.sys.mjs:552:5\ndom.find/</<@chrome://remote/content/shared/DOM.sys.mjs:136:16","time":{"start":1757405098559,"stop":1757405112040,"duration":13481}},{"uid":"80ed767aa5ff8464","status":"broken","statusDetails":"selenium.common.exceptions.TimeoutException: Message: \nStacktrace:\n#0 0x5638c5f9308a <unknown>\n#1 0x5638c5a32a70 <unknown>\n#2 0x5638c5a84907 <unknown>\n#3 0x5638c5a84b01 <unknown>\n#4 0x5638c5ad2d54 <unknown>\n#5 0x5638c5aaa40d <unknown>\n#6 0x5638c5ad014f <unknown>\n#7 0x5638c5aaa1b3 <unknown>\n#8 0x5638c5a7659b <unknown>\n#9 0x5638c5a77971 <unknown>\n#10 0x5638c5f5825b <unknown>\n#11 0x5638c5f5bfa9 <unknown>\n#12 0x5638c5f3f339 <unknown>\n#13 0x5638c5f5cb58 <unknown>\n#14 0x5638c5f23c1f <unknown>\n#15 0x5638c5f80118 <unknown>\n#16 0x5638c5f802f6 <unknown>\n#17 0x5638c5f92066 <unknown>\n#18 0x7fd888e9caa4 <unknown>\n#19 0x7fd888f29c3c <unknown>","time":{"start":1757405090844,"stop":1757405102723,"duration":11879}},{"uid":"8903a5259a83e80f","status":"broken","statusDetails":"selenium.common.exceptions.TimeoutException: Message: \nStacktrace:\n#0 0x562c8fd5908a <unknown>\n#1 0x562c8f7f8a70 <unknown>\n#2 0x562c8f84a907 <unknown>\n#3 0x562c8f84ab01 <unknown>\n#4 0x562c8f898d54 <unknown>\n#5 0x562c8f87040d <unknown>\n#6 0x562c8f89614f <unknown>\n#7 0x562c8f8701b3 <unknown>\n#8 0x562c8f83c59b <unknown>\n#9 0x562c8f83d971 <unknown>\n#10 0x562c8fd1e25b <unknown>\n#11 0x562c8fd21fa9 <unknown>\n#12 0x562c8fd05339 <unknown>\n#13 0x562c8fd22b58 <unknown>\n#14 0x562c8fce9c1f <unknown>\n#15 0x562c8fd46118 <unknown>\n#16 0x562c8fd462f6 <unknown>\n#17 0x562c8fd58066 <unknown>\n#18 0x7fc19809caa4 <unknown>\n#19 0x7fc198129c3c <unknown>","time":{"start":1757405087983,"stop":1757405099733,"duration":11750}},{"uid":"1475bfc60efef329","status":"broken","statusDetails":"selenium.common.exceptions.TimeoutException: Message: \nStacktrace:\nRemoteError@chrome://remote/content/shared/RemoteError.sys.mjs:8:8\nWebDriverError@chrome://remote/content/shared/webdriver/Errors.sys.mjs:199:5\nNoSuchElementError@chrome://remote/content/shared/webdriver/Errors.sys.mjs:552:5\ndom.find/</<@chrome://remote/content/shared/DOM.sys.mjs:136:16","time":{"start":1757405085481,"stop":1757405100018,"duration":14537}}],"categories":[{"name":"Test defects","matchedStatuses":[],"flaky":false}],"tags":[]},"source":"b8c36b3c31f5c28d.json","parameterValues":[]}